{"__type":"$$EventMessageAudit","id":"b2efd1ee-8704-40b7-917b-53207c602543","ts":"2025-02-28T14:31:15.289-05:00","eventName":"n8n.audit.workflow.updated","message":"n8n.audit.workflow.updated","payload":{"userId":"ae35a7c4-2de1-46ec-aa59-939a7775a023","_email":"gcorreia590@gmail.com","_firstName":"Gabriel","_lastName":"Costa","globalRole":"global:owner","workflowId":"lggBbb0Sx6CBtSJe","workflowName":"final"}}
{"__type":"$$EventMessageConfirm","confirm":"b2efd1ee-8704-40b7-917b-53207c602543","ts":"2025-02-28T14:31:15.290-05:00","source":{"id":"0","name":"eventBus"}}
{"__type":"$$EventMessageAudit","id":"33c2df70-04d3-410e-84d4-b893c5988431","ts":"2025-02-28T15:08:11.273-05:00","eventName":"n8n.audit.workflow.updated","message":"n8n.audit.workflow.updated","payload":{"userId":"ae35a7c4-2de1-46ec-aa59-939a7775a023","_email":"gcorreia590@gmail.com","_firstName":"Gabriel","_lastName":"Costa","globalRole":"global:owner","workflowId":"lggBbb0Sx6CBtSJe","workflowName":"final"}}
{"__type":"$$EventMessageConfirm","confirm":"33c2df70-04d3-410e-84d4-b893c5988431","ts":"2025-02-28T15:08:11.276-05:00","source":{"id":"0","name":"eventBus"}}
{"__type":"$$EventMessageAudit","id":"21ebbc07-89ae-4c2f-8fb0-b3cc52d2644b","ts":"2025-02-28T15:20:09.128-05:00","eventName":"n8n.audit.workflow.updated","message":"n8n.audit.workflow.updated","payload":{"userId":"ae35a7c4-2de1-46ec-aa59-939a7775a023","_email":"gcorreia590@gmail.com","_firstName":"Gabriel","_lastName":"Costa","globalRole":"global:owner","workflowId":"lggBbb0Sx6CBtSJe","workflowName":"final"}}
{"__type":"$$EventMessageConfirm","confirm":"21ebbc07-89ae-4c2f-8fb0-b3cc52d2644b","ts":"2025-02-28T15:20:09.128-05:00","source":{"id":"0","name":"eventBus"}}
{"__type":"$$EventMessageWorkflow","id":"0adfe758-3854-4587-b82c-a696caefedae","ts":"2025-02-28T15:20:15.394-05:00","eventName":"n8n.workflow.started","message":"n8n.workflow.started","payload":{"executionId":"53","workflowId":"lggBbb0Sx6CBtSJe","isManual":false,"workflowName":"final"}}
{"__type":"$$EventMessageConfirm","confirm":"0adfe758-3854-4587-b82c-a696caefedae","ts":"2025-02-28T15:20:15.394-05:00","source":{"id":"0","name":"eventBus"}}
{"__type":"$$EventMessageNode","id":"33cf992a-5d17-4535-a8a3-871654db14fe","ts":"2025-02-28T15:20:15.400-05:00","eventName":"n8n.node.started","message":"n8n.node.started","payload":{"workflowId":"lggBbb0Sx6CBtSJe","workflowName":"final","executionId":"53","nodeType":"n8n-nodes-base.webhook","nodeName":"Webhook"}}
{"__type":"$$EventMessageConfirm","confirm":"33cf992a-5d17-4535-a8a3-871654db14fe","ts":"2025-02-28T15:20:15.401-05:00","source":{"id":"0","name":"eventBus"}}
{"__type":"$$EventMessageNode","id":"2873dcf4-8997-483d-9384-a4a2837f5a8a","ts":"2025-02-28T15:20:15.404-05:00","eventName":"n8n.node.finished","message":"n8n.node.finished","payload":{"workflowId":"lggBbb0Sx6CBtSJe","workflowName":"final","executionId":"53","nodeType":"n8n-nodes-base.webhook","nodeName":"Webhook"}}
{"__type":"$$EventMessageConfirm","confirm":"2873dcf4-8997-483d-9384-a4a2837f5a8a","ts":"2025-02-28T15:20:15.404-05:00","source":{"id":"0","name":"eventBus"}}
{"__type":"$$EventMessageWorkflow","id":"6c870a0f-736a-4b52-934b-49c6a5496ab4","ts":"2025-02-28T15:20:15.415-05:00","eventName":"n8n.workflow.success","message":"n8n.workflow.success","payload":{"executionId":"53","success":true,"isManual":true,"workflowId":"lggBbb0Sx6CBtSJe","workflowName":"final"}}
{"__type":"$$EventMessageConfirm","confirm":"6c870a0f-736a-4b52-934b-49c6a5496ab4","ts":"2025-02-28T15:20:15.416-05:00","source":{"id":"0","name":"eventBus"}}
{"__type":"$$EventMessageWorkflow","id":"58d6c6fc-48ab-4c17-a372-7dd36141e89d","ts":"2025-02-28T15:20:56.805-05:00","eventName":"n8n.workflow.started","message":"n8n.workflow.started","payload":{"executionId":"54","workflowId":"lggBbb0Sx6CBtSJe","isManual":false,"workflowName":"final"}}
{"__type":"$$EventMessageConfirm","confirm":"58d6c6fc-48ab-4c17-a372-7dd36141e89d","ts":"2025-02-28T15:20:56.805-05:00","source":{"id":"0","name":"eventBus"}}
{"__type":"$$EventMessageNode","id":"a79055db-29a6-4a12-b77c-6e9e9e352cd1","ts":"2025-02-28T15:20:56.806-05:00","eventName":"n8n.node.started","message":"n8n.node.started","payload":{"workflowId":"lggBbb0Sx6CBtSJe","workflowName":"final","executionId":"54","nodeType":"n8n-nodes-base.webhook","nodeName":"Webhook"}}
{"__type":"$$EventMessageConfirm","confirm":"a79055db-29a6-4a12-b77c-6e9e9e352cd1","ts":"2025-02-28T15:20:56.807-05:00","source":{"id":"0","name":"eventBus"}}
{"__type":"$$EventMessageNode","id":"12811eae-294e-4b82-947f-0f555fecc6fc","ts":"2025-02-28T15:20:56.809-05:00","eventName":"n8n.node.finished","message":"n8n.node.finished","payload":{"workflowId":"lggBbb0Sx6CBtSJe","workflowName":"final","executionId":"54","nodeType":"n8n-nodes-base.webhook","nodeName":"Webhook"}}
{"__type":"$$EventMessageConfirm","confirm":"12811eae-294e-4b82-947f-0f555fecc6fc","ts":"2025-02-28T15:20:56.809-05:00","source":{"id":"0","name":"eventBus"}}
{"__type":"$$EventMessageWorkflow","id":"6095687d-b8e1-4484-a6a5-ecab8c21119e","ts":"2025-02-28T15:20:56.814-05:00","eventName":"n8n.workflow.success","message":"n8n.workflow.success","payload":{"executionId":"54","success":true,"isManual":true,"workflowId":"lggBbb0Sx6CBtSJe","workflowName":"final"}}
{"__type":"$$EventMessageConfirm","confirm":"6095687d-b8e1-4484-a6a5-ecab8c21119e","ts":"2025-02-28T15:20:56.814-05:00","source":{"id":"0","name":"eventBus"}}
{"__type":"$$EventMessageWorkflow","id":"60e8151c-b06a-4882-85d2-c1e91b7ba55d","ts":"2025-02-28T15:26:56.503-05:00","eventName":"n8n.workflow.started","message":"n8n.workflow.started","payload":{"executionId":"55","workflowId":"lggBbb0Sx6CBtSJe","isManual":false,"workflowName":"final"}}
{"__type":"$$EventMessageConfirm","confirm":"60e8151c-b06a-4882-85d2-c1e91b7ba55d","ts":"2025-02-28T15:26:56.504-05:00","source":{"id":"0","name":"eventBus"}}
{"__type":"$$EventMessageNode","id":"6b60b308-ebcb-4a16-a333-0915f1827e4f","ts":"2025-02-28T15:26:56.505-05:00","eventName":"n8n.node.started","message":"n8n.node.started","payload":{"workflowId":"lggBbb0Sx6CBtSJe","workflowName":"final","executionId":"55","nodeType":"n8n-nodes-base.httpRequest","nodeName":"HTTP Request"}}
{"__type":"$$EventMessageConfirm","confirm":"6b60b308-ebcb-4a16-a333-0915f1827e4f","ts":"2025-02-28T15:26:56.505-05:00","source":{"id":"0","name":"eventBus"}}
{"__type":"$$EventMessageNode","id":"3ffb55f4-4068-4175-81a6-12fbe0fd03be","ts":"2025-02-28T15:26:57.707-05:00","eventName":"n8n.node.finished","message":"n8n.node.finished","payload":{"workflowId":"lggBbb0Sx6CBtSJe","workflowName":"final","executionId":"55","nodeType":"n8n-nodes-base.httpRequest","nodeName":"HTTP Request"}}
{"__type":"$$EventMessageConfirm","confirm":"3ffb55f4-4068-4175-81a6-12fbe0fd03be","ts":"2025-02-28T15:26:57.707-05:00","source":{"id":"0","name":"eventBus"}}
{"__type":"$$EventMessageWorkflow","id":"b93ce3e8-64d2-41d7-ba84-3db3c8854c8a","ts":"2025-02-28T15:26:57.714-05:00","eventName":"n8n.workflow.success","message":"n8n.workflow.success","payload":{"executionId":"55","success":true,"isManual":true,"workflowId":"lggBbb0Sx6CBtSJe","workflowName":"final"}}
{"__type":"$$EventMessageConfirm","confirm":"b93ce3e8-64d2-41d7-ba84-3db3c8854c8a","ts":"2025-02-28T15:26:57.714-05:00","source":{"id":"0","name":"eventBus"}}
{"__type":"$$EventMessageWorkflow","id":"1e0ca9b4-850e-4d1e-a589-e342df70d70d","ts":"2025-02-28T15:28:06.401-05:00","eventName":"n8n.workflow.started","message":"n8n.workflow.started","payload":{"executionId":"56","workflowId":"lggBbb0Sx6CBtSJe","isManual":false,"workflowName":"final"}}
{"__type":"$$EventMessageConfirm","confirm":"1e0ca9b4-850e-4d1e-a589-e342df70d70d","ts":"2025-02-28T15:28:06.401-05:00","source":{"id":"0","name":"eventBus"}}
{"__type":"$$EventMessageNode","id":"417261c8-9874-4377-9cf1-e1be8482105c","ts":"2025-02-28T15:28:06.402-05:00","eventName":"n8n.node.started","message":"n8n.node.started","payload":{"workflowId":"lggBbb0Sx6CBtSJe","workflowName":"final","executionId":"56","nodeType":"n8n-nodes-base.httpRequest","nodeName":"HTTP Request"}}
{"__type":"$$EventMessageConfirm","confirm":"417261c8-9874-4377-9cf1-e1be8482105c","ts":"2025-02-28T15:28:06.403-05:00","source":{"id":"0","name":"eventBus"}}
{"__type":"$$EventMessageNode","id":"f9a4bc9e-4bb6-411a-97b1-4b07ac66afbe","ts":"2025-02-28T15:28:07.524-05:00","eventName":"n8n.node.finished","message":"n8n.node.finished","payload":{"workflowId":"lggBbb0Sx6CBtSJe","workflowName":"final","executionId":"56","nodeType":"n8n-nodes-base.httpRequest","nodeName":"HTTP Request"}}
{"__type":"$$EventMessageConfirm","confirm":"f9a4bc9e-4bb6-411a-97b1-4b07ac66afbe","ts":"2025-02-28T15:28:07.524-05:00","source":{"id":"0","name":"eventBus"}}
{"__type":"$$EventMessageWorkflow","id":"97b0235f-29ff-4c02-92cd-09f7daba04de","ts":"2025-02-28T15:28:07.528-05:00","eventName":"n8n.workflow.success","message":"n8n.workflow.success","payload":{"executionId":"56","success":true,"isManual":true,"workflowId":"lggBbb0Sx6CBtSJe","workflowName":"final"}}
{"__type":"$$EventMessageConfirm","confirm":"97b0235f-29ff-4c02-92cd-09f7daba04de","ts":"2025-02-28T15:28:07.528-05:00","source":{"id":"0","name":"eventBus"}}
{"__type":"$$EventMessageAudit","id":"bce86386-8803-446c-862b-6686b2441d02","ts":"2025-02-28T16:23:06.746-05:00","eventName":"n8n.audit.workflow.updated","message":"n8n.audit.workflow.updated","payload":{"userId":"ae35a7c4-2de1-46ec-aa59-939a7775a023","_email":"gcorreia590@gmail.com","_firstName":"Gabriel","_lastName":"Costa","globalRole":"global:owner","workflowId":"lggBbb0Sx6CBtSJe","workflowName":"final"}}
{"__type":"$$EventMessageConfirm","confirm":"bce86386-8803-446c-862b-6686b2441d02","ts":"2025-02-28T16:23:06.747-05:00","source":{"id":"0","name":"eventBus"}}
