{"__type":"$$EventMessageAudit","id":"a32460fd-ac32-49ff-a87d-203743ab2c2e","ts":"2025-02-26T06:50:55.199-05:00","eventName":"n8n.audit.user.login.success","message":"n8n.audit.user.login.success","payload":{"userId":"ae35a7c4-2de1-46ec-aa59-939a7775a023","_email":"gcorreia590@gmail.com","_firstName":"Gabriel","_lastName":"Costa","globalRole":"global:owner","authenticationMethod":"email"}}
{"__type":"$$EventMessageConfirm","confirm":"a32460fd-ac32-49ff-a87d-203743ab2c2e","ts":"2025-02-26T06:50:55.199-05:00","source":{"id":"0","name":"eventBus"}}
{"__type":"$$EventMessageAudit","id":"e129f5a3-f009-4a93-bda8-ddd8395f53d1","ts":"2025-02-26T06:51:03.096-05:00","eventName":"n8n.audit.workflow.updated","message":"n8n.audit.workflow.updated","payload":{"userId":"ae35a7c4-2de1-46ec-aa59-939a7775a023","_email":"gcorreia590@gmail.com","_firstName":"Gabriel","_lastName":"Costa","globalRole":"global:owner","workflowId":"d2ArHyt7RZc4EyZF","workflowName":"fluxo"}}
{"__type":"$$EventMessageConfirm","confirm":"e129f5a3-f009-4a93-bda8-ddd8395f53d1","ts":"2025-02-26T06:51:03.096-05:00","source":{"id":"0","name":"eventBus"}}
{"__type":"$$EventMessageWorkflow","id":"340a6314-9a3a-4d59-b250-3ea97677722f","ts":"2025-02-26T07:11:45.715-05:00","eventName":"n8n.workflow.started","message":"n8n.workflow.started","payload":{"executionId":"30","workflowId":"d2ArHyt7RZc4EyZF","isManual":false,"workflowName":"fluxo"}}
{"__type":"$$EventMessageConfirm","confirm":"340a6314-9a3a-4d59-b250-3ea97677722f","ts":"2025-02-26T07:11:45.715-05:00","source":{"id":"0","name":"eventBus"}}
{"__type":"$$EventMessageNode","id":"818db246-7fb1-4a89-af4c-f8b435088ceb","ts":"2025-02-26T07:11:45.716-05:00","eventName":"n8n.node.started","message":"n8n.node.started","payload":{"workflowId":"d2ArHyt7RZc4EyZF","workflowName":"fluxo","executionId":"30","nodeType":"n8n-nodes-base.webhook","nodeName":"Webhook"}}
{"__type":"$$EventMessageConfirm","confirm":"818db246-7fb1-4a89-af4c-f8b435088ceb","ts":"2025-02-26T07:11:45.717-05:00","source":{"id":"0","name":"eventBus"}}
{"__type":"$$EventMessageNode","id":"8c1af796-73e0-48c2-8af0-fde05993c7ea","ts":"2025-02-26T07:11:45.718-05:00","eventName":"n8n.node.finished","message":"n8n.node.finished","payload":{"workflowId":"d2ArHyt7RZc4EyZF","workflowName":"fluxo","executionId":"30","nodeType":"n8n-nodes-base.webhook","nodeName":"Webhook"}}
{"__type":"$$EventMessageConfirm","confirm":"8c1af796-73e0-48c2-8af0-fde05993c7ea","ts":"2025-02-26T07:11:45.718-05:00","source":{"id":"0","name":"eventBus"}}
{"__type":"$$EventMessageNode","id":"fd2ac1a7-19da-4f20-a7ac-b1e712d7d0ec","ts":"2025-02-26T07:11:45.719-05:00","eventName":"n8n.node.started","message":"n8n.node.started","payload":{"workflowId":"d2ArHyt7RZc4EyZF","workflowName":"fluxo","executionId":"30","nodeType":"n8n-nodes-base.set","nodeName":"Edit Fields"}}
{"__type":"$$EventMessageConfirm","confirm":"fd2ac1a7-19da-4f20-a7ac-b1e712d7d0ec","ts":"2025-02-26T07:11:45.719-05:00","source":{"id":"0","name":"eventBus"}}
{"__type":"$$EventMessageNode","id":"8c64fe16-ff40-46e6-b857-8bfe32f87a85","ts":"2025-02-26T07:11:45.728-05:00","eventName":"n8n.node.finished","message":"n8n.node.finished","payload":{"workflowId":"d2ArHyt7RZc4EyZF","workflowName":"fluxo","executionId":"30","nodeType":"n8n-nodes-base.set","nodeName":"Edit Fields"}}
{"__type":"$$EventMessageConfirm","confirm":"8c64fe16-ff40-46e6-b857-8bfe32f87a85","ts":"2025-02-26T07:11:45.729-05:00","source":{"id":"0","name":"eventBus"}}
{"__type":"$$EventMessageNode","id":"164aedb6-10cf-4dfe-b45a-38b244101b35","ts":"2025-02-26T07:11:45.730-05:00","eventName":"n8n.node.started","message":"n8n.node.started","payload":{"workflowId":"d2ArHyt7RZc4EyZF","workflowName":"fluxo","executionId":"30","nodeType":"n8n-nodes-base.httpRequest","nodeName":"HTTP Request"}}
{"__type":"$$EventMessageConfirm","confirm":"164aedb6-10cf-4dfe-b45a-38b244101b35","ts":"2025-02-26T07:11:45.730-05:00","source":{"id":"0","name":"eventBus"}}
{"__type":"$$EventMessageNode","id":"c183e941-232d-485e-9f1d-5f694fb8c394","ts":"2025-02-26T07:11:45.817-05:00","eventName":"n8n.node.finished","message":"n8n.node.finished","payload":{"workflowId":"d2ArHyt7RZc4EyZF","workflowName":"fluxo","executionId":"30","nodeType":"n8n-nodes-base.httpRequest","nodeName":"HTTP Request"}}
{"__type":"$$EventMessageConfirm","confirm":"c183e941-232d-485e-9f1d-5f694fb8c394","ts":"2025-02-26T07:11:45.817-05:00","source":{"id":"0","name":"eventBus"}}
{"__type":"$$EventMessageWorkflow","id":"e7b23d13-4478-4276-943e-7db42a9fc5e1","ts":"2025-02-26T07:11:45.819-05:00","eventName":"n8n.workflow.failed","message":"n8n.workflow.failed","payload":{"executionId":"30","success":false,"isManual":true,"workflowId":"d2ArHyt7RZc4EyZF","workflowName":"fluxo","lastNodeExecuted":"HTTP Request","errorNodeType":"n8n-nodes-base.httpRequest","errorMessage":"The service was not able to process your request"}}
{"__type":"$$EventMessageConfirm","confirm":"e7b23d13-4478-4276-943e-7db42a9fc5e1","ts":"2025-02-26T07:11:45.819-05:00","source":{"id":"0","name":"eventBus"}}
{"__type":"$$EventMessageAudit","id":"376102bf-9eb6-40bb-a208-e8573b47bf42","ts":"2025-02-26T07:27:28.544-05:00","eventName":"n8n.audit.workflow.updated","message":"n8n.audit.workflow.updated","payload":{"userId":"ae35a7c4-2de1-46ec-aa59-939a7775a023","_email":"gcorreia590@gmail.com","_firstName":"Gabriel","_lastName":"Costa","globalRole":"global:owner","workflowId":"d2ArHyt7RZc4EyZF","workflowName":"fluxo"}}
{"__type":"$$EventMessageConfirm","confirm":"376102bf-9eb6-40bb-a208-e8573b47bf42","ts":"2025-02-26T07:27:28.545-05:00","source":{"id":"0","name":"eventBus"}}
{"__type":"$$EventMessageAudit","id":"b6e81b14-398a-45c8-aae8-4b2584f469ea","ts":"2025-02-26T07:31:33.740-05:00","eventName":"n8n.audit.workflow.created","message":"n8n.audit.workflow.created","payload":{"userId":"ae35a7c4-2de1-46ec-aa59-939a7775a023","_email":"gcorreia590@gmail.com","_firstName":"Gabriel","_lastName":"Costa","globalRole":"global:owner","workflowId":"92aBHAdn9DgycB3v","workflowName":"My workflow"}}
{"__type":"$$EventMessageConfirm","confirm":"b6e81b14-398a-45c8-aae8-4b2584f469ea","ts":"2025-02-26T07:31:33.740-05:00","source":{"id":"0","name":"eventBus"}}
{"__type":"$$EventMessageAudit","id":"c6033a2f-7f6e-4793-a90c-4b0b3e0473b2","ts":"2025-02-26T07:36:07.508-05:00","eventName":"n8n.audit.workflow.updated","message":"n8n.audit.workflow.updated","payload":{"userId":"ae35a7c4-2de1-46ec-aa59-939a7775a023","_email":"gcorreia590@gmail.com","_firstName":"Gabriel","_lastName":"Costa","globalRole":"global:owner","workflowId":"92aBHAdn9DgycB3v","workflowName":"My workflow"}}
{"__type":"$$EventMessageConfirm","confirm":"c6033a2f-7f6e-4793-a90c-4b0b3e0473b2","ts":"2025-02-26T07:36:07.509-05:00","source":{"id":"0","name":"eventBus"}}
{"__type":"$$EventMessageAudit","id":"dd5fdb99-4c31-4910-aba3-37743c7df639","ts":"2025-02-26T07:36:08.940-05:00","eventName":"n8n.audit.workflow.updated","message":"n8n.audit.workflow.updated","payload":{"userId":"ae35a7c4-2de1-46ec-aa59-939a7775a023","_email":"gcorreia590@gmail.com","_firstName":"Gabriel","_lastName":"Costa","globalRole":"global:owner","workflowId":"92aBHAdn9DgycB3v","workflowName":"exemplo"}}
{"__type":"$$EventMessageConfirm","confirm":"dd5fdb99-4c31-4910-aba3-37743c7df639","ts":"2025-02-26T07:36:08.940-05:00","source":{"id":"0","name":"eventBus"}}
{"__type":"$$EventMessageAudit","id":"2193a4d3-2574-43fb-ab10-e7841aa2afce","ts":"2025-02-26T07:39:55.424-05:00","eventName":"n8n.audit.workflow.created","message":"n8n.audit.workflow.created","payload":{"userId":"ae35a7c4-2de1-46ec-aa59-939a7775a023","_email":"gcorreia590@gmail.com","_firstName":"Gabriel","_lastName":"Costa","globalRole":"global:owner","workflowId":"2mGqEVF3byHeGUkA","workflowName":"My workflow"}}
{"__type":"$$EventMessageConfirm","confirm":"2193a4d3-2574-43fb-ab10-e7841aa2afce","ts":"2025-02-26T07:39:55.424-05:00","source":{"id":"0","name":"eventBus"}}
{"__type":"$$EventMessageAudit","id":"d73bc4af-02d7-4b82-b0d5-ea159e9c7586","ts":"2025-02-26T07:40:57.344-05:00","eventName":"n8n.audit.workflow.updated","message":"n8n.audit.workflow.updated","payload":{"userId":"ae35a7c4-2de1-46ec-aa59-939a7775a023","_email":"gcorreia590@gmail.com","_firstName":"Gabriel","_lastName":"Costa","globalRole":"global:owner","workflowId":"2mGqEVF3byHeGUkA","workflowName":"My workflow"}}
{"__type":"$$EventMessageConfirm","confirm":"d73bc4af-02d7-4b82-b0d5-ea159e9c7586","ts":"2025-02-26T07:40:57.344-05:00","source":{"id":"0","name":"eventBus"}}
{"__type":"$$EventMessageWorkflow","id":"e4a5129a-2ac3-4e94-96fc-46de058f4540","ts":"2025-02-26T07:41:35.767-05:00","eventName":"n8n.workflow.started","message":"n8n.workflow.started","payload":{"executionId":"31","workflowId":"2mGqEVF3byHeGUkA","isManual":false,"workflowName":"My workflow"}}
{"__type":"$$EventMessageConfirm","confirm":"e4a5129a-2ac3-4e94-96fc-46de058f4540","ts":"2025-02-26T07:41:35.767-05:00","source":{"id":"0","name":"eventBus"}}
{"__type":"$$EventMessageNode","id":"40339c6e-77f7-4211-94b6-aa7fb2845646","ts":"2025-02-26T07:41:35.768-05:00","eventName":"n8n.node.started","message":"n8n.node.started","payload":{"workflowId":"2mGqEVF3byHeGUkA","workflowName":"My workflow","executionId":"31","nodeType":"n8n-nodes-base.manualTrigger","nodeName":"When clicking ‘Test workflow’"}}
{"__type":"$$EventMessageConfirm","confirm":"40339c6e-77f7-4211-94b6-aa7fb2845646","ts":"2025-02-26T07:41:35.768-05:00","source":{"id":"0","name":"eventBus"}}
{"__type":"$$EventMessageNode","id":"a76c5c9b-b9f3-4918-b912-8bd2a9ce5317","ts":"2025-02-26T07:41:35.769-05:00","eventName":"n8n.node.finished","message":"n8n.node.finished","payload":{"workflowId":"2mGqEVF3byHeGUkA","workflowName":"My workflow","executionId":"31","nodeType":"n8n-nodes-base.manualTrigger","nodeName":"When clicking ‘Test workflow’"}}
{"__type":"$$EventMessageConfirm","confirm":"a76c5c9b-b9f3-4918-b912-8bd2a9ce5317","ts":"2025-02-26T07:41:35.769-05:00","source":{"id":"0","name":"eventBus"}}
{"__type":"$$EventMessageNode","id":"afcfec4a-6569-4ffc-8d06-d7b5dcb3508d","ts":"2025-02-26T07:41:35.769-05:00","eventName":"n8n.node.started","message":"n8n.node.started","payload":{"workflowId":"2mGqEVF3byHeGUkA","workflowName":"My workflow","executionId":"31","nodeType":"n8n-nodes-base.code","nodeName":"Code"}}
{"__type":"$$EventMessageConfirm","confirm":"afcfec4a-6569-4ffc-8d06-d7b5dcb3508d","ts":"2025-02-26T07:41:35.769-05:00","source":{"id":"0","name":"eventBus"}}
{"__type":"$$EventMessageNode","id":"aa8f1385-d932-445a-907e-2ada4a290133","ts":"2025-02-26T07:41:35.785-05:00","eventName":"n8n.node.finished","message":"n8n.node.finished","payload":{"workflowId":"2mGqEVF3byHeGUkA","workflowName":"My workflow","executionId":"31","nodeType":"n8n-nodes-base.code","nodeName":"Code"}}
{"__type":"$$EventMessageConfirm","confirm":"aa8f1385-d932-445a-907e-2ada4a290133","ts":"2025-02-26T07:41:35.785-05:00","source":{"id":"0","name":"eventBus"}}
{"__type":"$$EventMessageNode","id":"e4586e1f-bc78-418e-b390-acc4ebb8d658","ts":"2025-02-26T07:41:35.786-05:00","eventName":"n8n.node.started","message":"n8n.node.started","payload":{"workflowId":"2mGqEVF3byHeGUkA","workflowName":"My workflow","executionId":"31","nodeType":"n8n-nodes-base.httpRequest","nodeName":"HTTP Request"}}
{"__type":"$$EventMessageConfirm","confirm":"e4586e1f-bc78-418e-b390-acc4ebb8d658","ts":"2025-02-26T07:41:35.786-05:00","source":{"id":"0","name":"eventBus"}}
{"__type":"$$EventMessageNode","id":"cbbbd7c0-9782-4a13-9a1f-55dc05ee0e66","ts":"2025-02-26T07:41:35.793-05:00","eventName":"n8n.node.finished","message":"n8n.node.finished","payload":{"workflowId":"2mGqEVF3byHeGUkA","workflowName":"My workflow","executionId":"31","nodeType":"n8n-nodes-base.httpRequest","nodeName":"HTTP Request"}}
{"__type":"$$EventMessageConfirm","confirm":"cbbbd7c0-9782-4a13-9a1f-55dc05ee0e66","ts":"2025-02-26T07:41:35.793-05:00","source":{"id":"0","name":"eventBus"}}
{"__type":"$$EventMessageWorkflow","id":"9f274186-28cb-4631-83f2-04099db030a4","ts":"2025-02-26T07:41:35.794-05:00","eventName":"n8n.workflow.failed","message":"n8n.workflow.failed","payload":{"executionId":"31","success":false,"isManual":true,"workflowId":"2mGqEVF3byHeGUkA","workflowName":"My workflow","lastNodeExecuted":"HTTP Request","errorNodeType":"n8n-nodes-base.httpRequest","errorMessage":"The service refused the connection - perhaps it is offline"}}
{"__type":"$$EventMessageConfirm","confirm":"9f274186-28cb-4631-83f2-04099db030a4","ts":"2025-02-26T07:41:35.794-05:00","source":{"id":"0","name":"eventBus"}}
{"__type":"$$EventMessageWorkflow","id":"570edafb-f67d-48a0-8e7d-146c10786701","ts":"2025-02-26T07:42:08.823-05:00","eventName":"n8n.workflow.started","message":"n8n.workflow.started","payload":{"executionId":"32","workflowId":"2mGqEVF3byHeGUkA","isManual":false,"workflowName":"My workflow"}}
{"__type":"$$EventMessageConfirm","confirm":"570edafb-f67d-48a0-8e7d-146c10786701","ts":"2025-02-26T07:42:08.823-05:00","source":{"id":"0","name":"eventBus"}}
{"__type":"$$EventMessageNode","id":"65ae5509-fcfe-4998-9f57-d374a86a1f60","ts":"2025-02-26T07:42:08.825-05:00","eventName":"n8n.node.started","message":"n8n.node.started","payload":{"workflowId":"2mGqEVF3byHeGUkA","workflowName":"My workflow","executionId":"32","nodeType":"n8n-nodes-base.manualTrigger","nodeName":"When clicking ‘Test workflow’"}}
{"__type":"$$EventMessageConfirm","confirm":"65ae5509-fcfe-4998-9f57-d374a86a1f60","ts":"2025-02-26T07:42:08.825-05:00","source":{"id":"0","name":"eventBus"}}
{"__type":"$$EventMessageNode","id":"b543aa88-517d-475a-98e3-f392e4cce828","ts":"2025-02-26T07:42:08.826-05:00","eventName":"n8n.node.finished","message":"n8n.node.finished","payload":{"workflowId":"2mGqEVF3byHeGUkA","workflowName":"My workflow","executionId":"32","nodeType":"n8n-nodes-base.manualTrigger","nodeName":"When clicking ‘Test workflow’"}}
{"__type":"$$EventMessageConfirm","confirm":"b543aa88-517d-475a-98e3-f392e4cce828","ts":"2025-02-26T07:42:08.826-05:00","source":{"id":"0","name":"eventBus"}}
{"__type":"$$EventMessageNode","id":"a1bc6890-1757-4862-98a4-8daa6bcd8471","ts":"2025-02-26T07:42:08.827-05:00","eventName":"n8n.node.started","message":"n8n.node.started","payload":{"workflowId":"2mGqEVF3byHeGUkA","workflowName":"My workflow","executionId":"32","nodeType":"n8n-nodes-base.code","nodeName":"Code"}}
{"__type":"$$EventMessageConfirm","confirm":"a1bc6890-1757-4862-98a4-8daa6bcd8471","ts":"2025-02-26T07:42:08.827-05:00","source":{"id":"0","name":"eventBus"}}
{"__type":"$$EventMessageNode","id":"adeee287-e5d4-45b1-9170-813049b7f780","ts":"2025-02-26T07:42:08.838-05:00","eventName":"n8n.node.finished","message":"n8n.node.finished","payload":{"workflowId":"2mGqEVF3byHeGUkA","workflowName":"My workflow","executionId":"32","nodeType":"n8n-nodes-base.code","nodeName":"Code"}}
{"__type":"$$EventMessageConfirm","confirm":"adeee287-e5d4-45b1-9170-813049b7f780","ts":"2025-02-26T07:42:08.838-05:00","source":{"id":"0","name":"eventBus"}}
{"__type":"$$EventMessageNode","id":"8cc5fee8-a381-4212-8a27-f5d29355b4a8","ts":"2025-02-26T07:42:08.839-05:00","eventName":"n8n.node.started","message":"n8n.node.started","payload":{"workflowId":"2mGqEVF3byHeGUkA","workflowName":"My workflow","executionId":"32","nodeType":"n8n-nodes-base.httpRequest","nodeName":"HTTP Request"}}
{"__type":"$$EventMessageConfirm","confirm":"8cc5fee8-a381-4212-8a27-f5d29355b4a8","ts":"2025-02-26T07:42:08.839-05:00","source":{"id":"0","name":"eventBus"}}
{"__type":"$$EventMessageNode","id":"b7b21142-aab8-4beb-bd13-0bbbcae79347","ts":"2025-02-26T07:42:08.941-05:00","eventName":"n8n.node.finished","message":"n8n.node.finished","payload":{"workflowId":"2mGqEVF3byHeGUkA","workflowName":"My workflow","executionId":"32","nodeType":"n8n-nodes-base.httpRequest","nodeName":"HTTP Request"}}
{"__type":"$$EventMessageConfirm","confirm":"b7b21142-aab8-4beb-bd13-0bbbcae79347","ts":"2025-02-26T07:42:08.941-05:00","source":{"id":"0","name":"eventBus"}}
{"__type":"$$EventMessageWorkflow","id":"578391f0-c7c1-4976-a255-a6fb331087ff","ts":"2025-02-26T07:42:08.942-05:00","eventName":"n8n.workflow.failed","message":"n8n.workflow.failed","payload":{"executionId":"32","success":false,"isManual":true,"workflowId":"2mGqEVF3byHeGUkA","workflowName":"My workflow","lastNodeExecuted":"HTTP Request","errorNodeType":"n8n-nodes-base.httpRequest","errorMessage":"The service was not able to process your request"}}
{"__type":"$$EventMessageConfirm","confirm":"578391f0-c7c1-4976-a255-a6fb331087ff","ts":"2025-02-26T07:42:08.942-05:00","source":{"id":"0","name":"eventBus"}}
{"__type":"$$EventMessageWorkflow","id":"d2436a2c-b389-4c0c-b51c-038c72d8a114","ts":"2025-02-26T07:42:21.511-05:00","eventName":"n8n.workflow.started","message":"n8n.workflow.started","payload":{"executionId":"33","workflowId":"2mGqEVF3byHeGUkA","isManual":false,"workflowName":"My workflow"}}
{"__type":"$$EventMessageConfirm","confirm":"d2436a2c-b389-4c0c-b51c-038c72d8a114","ts":"2025-02-26T07:42:21.511-05:00","source":{"id":"0","name":"eventBus"}}
{"__type":"$$EventMessageNode","id":"fed20fcd-0a26-441b-b881-5757e1d72f3e","ts":"2025-02-26T07:42:21.512-05:00","eventName":"n8n.node.started","message":"n8n.node.started","payload":{"workflowId":"2mGqEVF3byHeGUkA","workflowName":"My workflow","executionId":"33","nodeType":"n8n-nodes-base.httpRequest","nodeName":"HTTP Request"}}
{"__type":"$$EventMessageConfirm","confirm":"fed20fcd-0a26-441b-b881-5757e1d72f3e","ts":"2025-02-26T07:42:21.512-05:00","source":{"id":"0","name":"eventBus"}}
{"__type":"$$EventMessageNode","id":"aee8a1e0-cee7-4303-a9d5-7caf0fc1ca58","ts":"2025-02-26T07:42:21.540-05:00","eventName":"n8n.node.finished","message":"n8n.node.finished","payload":{"workflowId":"2mGqEVF3byHeGUkA","workflowName":"My workflow","executionId":"33","nodeType":"n8n-nodes-base.httpRequest","nodeName":"HTTP Request"}}
{"__type":"$$EventMessageConfirm","confirm":"aee8a1e0-cee7-4303-a9d5-7caf0fc1ca58","ts":"2025-02-26T07:42:21.541-05:00","source":{"id":"0","name":"eventBus"}}
{"__type":"$$EventMessageWorkflow","id":"7e4e98b9-0db7-4f32-b5b0-f857ec8d6923","ts":"2025-02-26T07:42:21.542-05:00","eventName":"n8n.workflow.failed","message":"n8n.workflow.failed","payload":{"executionId":"33","success":false,"isManual":true,"workflowId":"2mGqEVF3byHeGUkA","workflowName":"My workflow","lastNodeExecuted":"HTTP Request","errorNodeType":"n8n-nodes-base.httpRequest","errorMessage":"The service was not able to process your request"}}
{"__type":"$$EventMessageConfirm","confirm":"7e4e98b9-0db7-4f32-b5b0-f857ec8d6923","ts":"2025-02-26T07:42:21.542-05:00","source":{"id":"0","name":"eventBus"}}
{"__type":"$$EventMessageWorkflow","id":"ef5c8926-9b47-43d6-93f9-fe95dd483164","ts":"2025-02-26T07:45:57.841-05:00","eventName":"n8n.workflow.started","message":"n8n.workflow.started","payload":{"executionId":"34","workflowId":"2mGqEVF3byHeGUkA","isManual":false,"workflowName":"My workflow"}}
{"__type":"$$EventMessageConfirm","confirm":"ef5c8926-9b47-43d6-93f9-fe95dd483164","ts":"2025-02-26T07:45:57.841-05:00","source":{"id":"0","name":"eventBus"}}
{"__type":"$$EventMessageNode","id":"c1bc04f5-73a6-40a1-a83a-71e8ca0c4b42","ts":"2025-02-26T07:45:57.842-05:00","eventName":"n8n.node.started","message":"n8n.node.started","payload":{"workflowId":"2mGqEVF3byHeGUkA","workflowName":"My workflow","executionId":"34","nodeType":"n8n-nodes-base.httpRequest","nodeName":"HTTP Request"}}
{"__type":"$$EventMessageConfirm","confirm":"c1bc04f5-73a6-40a1-a83a-71e8ca0c4b42","ts":"2025-02-26T07:45:57.842-05:00","source":{"id":"0","name":"eventBus"}}
{"__type":"$$EventMessageNode","id":"f181ca6d-2dfe-4cf8-a456-d06a1e1a92dc","ts":"2025-02-26T07:45:57.853-05:00","eventName":"n8n.node.finished","message":"n8n.node.finished","payload":{"workflowId":"2mGqEVF3byHeGUkA","workflowName":"My workflow","executionId":"34","nodeType":"n8n-nodes-base.httpRequest","nodeName":"HTTP Request"}}
{"__type":"$$EventMessageConfirm","confirm":"f181ca6d-2dfe-4cf8-a456-d06a1e1a92dc","ts":"2025-02-26T07:45:57.855-05:00","source":{"id":"0","name":"eventBus"}}
{"__type":"$$EventMessageWorkflow","id":"04a50692-4de0-410e-be34-8680383e758d","ts":"2025-02-26T07:45:57.857-05:00","eventName":"n8n.workflow.failed","message":"n8n.workflow.failed","payload":{"executionId":"34","success":false,"isManual":true,"workflowId":"2mGqEVF3byHeGUkA","workflowName":"My workflow","lastNodeExecuted":"HTTP Request","errorNodeType":"n8n-nodes-base.httpRequest","errorMessage":"JSON parameter needs to be valid JSON"}}
{"__type":"$$EventMessageConfirm","confirm":"04a50692-4de0-410e-be34-8680383e758d","ts":"2025-02-26T07:45:57.857-05:00","source":{"id":"0","name":"eventBus"}}
{"__type":"$$EventMessageWorkflow","id":"338433a3-c1cc-49c2-88b5-90a42201d62b","ts":"2025-02-26T07:46:59.083-05:00","eventName":"n8n.workflow.started","message":"n8n.workflow.started","payload":{"executionId":"35","workflowId":"2mGqEVF3byHeGUkA","isManual":false,"workflowName":"My workflow"}}
{"__type":"$$EventMessageConfirm","confirm":"338433a3-c1cc-49c2-88b5-90a42201d62b","ts":"2025-02-26T07:46:59.083-05:00","source":{"id":"0","name":"eventBus"}}
{"__type":"$$EventMessageNode","id":"5e6c2225-ca4e-4f2d-9755-ac703d9a948d","ts":"2025-02-26T07:46:59.085-05:00","eventName":"n8n.node.started","message":"n8n.node.started","payload":{"workflowId":"2mGqEVF3byHeGUkA","workflowName":"My workflow","executionId":"35","nodeType":"n8n-nodes-base.httpRequest","nodeName":"HTTP Request"}}
{"__type":"$$EventMessageConfirm","confirm":"5e6c2225-ca4e-4f2d-9755-ac703d9a948d","ts":"2025-02-26T07:46:59.085-05:00","source":{"id":"0","name":"eventBus"}}
{"__type":"$$EventMessageNode","id":"41ce3e6b-dc0d-4091-86fb-710abab5642e","ts":"2025-02-26T07:46:59.103-05:00","eventName":"n8n.node.finished","message":"n8n.node.finished","payload":{"workflowId":"2mGqEVF3byHeGUkA","workflowName":"My workflow","executionId":"35","nodeType":"n8n-nodes-base.httpRequest","nodeName":"HTTP Request"}}
{"__type":"$$EventMessageConfirm","confirm":"41ce3e6b-dc0d-4091-86fb-710abab5642e","ts":"2025-02-26T07:46:59.103-05:00","source":{"id":"0","name":"eventBus"}}
{"__type":"$$EventMessageWorkflow","id":"d2481f8c-fef9-48a8-aa97-96bdbd3e1ebd","ts":"2025-02-26T07:46:59.105-05:00","eventName":"n8n.workflow.failed","message":"n8n.workflow.failed","payload":{"executionId":"35","success":false,"isManual":true,"workflowId":"2mGqEVF3byHeGUkA","workflowName":"My workflow","lastNodeExecuted":"HTTP Request","errorNodeType":"n8n-nodes-base.httpRequest","errorMessage":"JSON parameter needs to be valid JSON"}}
{"__type":"$$EventMessageConfirm","confirm":"d2481f8c-fef9-48a8-aa97-96bdbd3e1ebd","ts":"2025-02-26T07:46:59.105-05:00","source":{"id":"0","name":"eventBus"}}
{"__type":"$$EventMessageAudit","id":"22837f5c-28e9-41b7-a872-a35cf1120870","ts":"2025-02-26T07:47:11.631-05:00","eventName":"n8n.audit.workflow.updated","message":"n8n.audit.workflow.updated","payload":{"userId":"ae35a7c4-2de1-46ec-aa59-939a7775a023","_email":"gcorreia590@gmail.com","_firstName":"Gabriel","_lastName":"Costa","globalRole":"global:owner","workflowId":"2mGqEVF3byHeGUkA","workflowName":"My workflow"}}
{"__type":"$$EventMessageConfirm","confirm":"22837f5c-28e9-41b7-a872-a35cf1120870","ts":"2025-02-26T07:47:11.631-05:00","source":{"id":"0","name":"eventBus"}}
{"__type":"$$EventMessageWorkflow","id":"45689909-b5fe-419d-ab9b-0e4de1299001","ts":"2025-02-26T07:49:36.674-05:00","eventName":"n8n.workflow.started","message":"n8n.workflow.started","payload":{"executionId":"36","workflowId":"92aBHAdn9DgycB3v","isManual":false,"workflowName":"exemplo"}}
{"__type":"$$EventMessageConfirm","confirm":"45689909-b5fe-419d-ab9b-0e4de1299001","ts":"2025-02-26T07:49:36.674-05:00","source":{"id":"0","name":"eventBus"}}
{"__type":"$$EventMessageNode","id":"177ba84d-1f9c-4d80-9df0-530720fad8b0","ts":"2025-02-26T07:49:36.675-05:00","eventName":"n8n.node.started","message":"n8n.node.started","payload":{"workflowId":"92aBHAdn9DgycB3v","workflowName":"exemplo","executionId":"36","nodeType":"n8n-nodes-base.manualTrigger","nodeName":"When clicking ‘Test workflow’"}}
{"__type":"$$EventMessageConfirm","confirm":"177ba84d-1f9c-4d80-9df0-530720fad8b0","ts":"2025-02-26T07:49:36.675-05:00","source":{"id":"0","name":"eventBus"}}
{"__type":"$$EventMessageNode","id":"63ac77af-f633-445b-8f21-254f356fca52","ts":"2025-02-26T07:49:36.675-05:00","eventName":"n8n.node.finished","message":"n8n.node.finished","payload":{"workflowId":"92aBHAdn9DgycB3v","workflowName":"exemplo","executionId":"36","nodeType":"n8n-nodes-base.manualTrigger","nodeName":"When clicking ‘Test workflow’"}}
{"__type":"$$EventMessageConfirm","confirm":"63ac77af-f633-445b-8f21-254f356fca52","ts":"2025-02-26T07:49:36.675-05:00","source":{"id":"0","name":"eventBus"}}
{"__type":"$$EventMessageNode","id":"e3e5577a-3c01-41b6-a764-6df831eecaee","ts":"2025-02-26T07:49:36.676-05:00","eventName":"n8n.node.started","message":"n8n.node.started","payload":{"workflowId":"92aBHAdn9DgycB3v","workflowName":"exemplo","executionId":"36","nodeType":"n8n-nodes-base.code","nodeName":"Converte Flowise"}}
{"__type":"$$EventMessageConfirm","confirm":"e3e5577a-3c01-41b6-a764-6df831eecaee","ts":"2025-02-26T07:49:36.676-05:00","source":{"id":"0","name":"eventBus"}}
{"__type":"$$EventMessageNode","id":"1919b4ee-215c-42a7-8ed6-05aafa4d6dd3","ts":"2025-02-26T07:49:36.689-05:00","eventName":"n8n.node.finished","message":"n8n.node.finished","payload":{"workflowId":"92aBHAdn9DgycB3v","workflowName":"exemplo","executionId":"36","nodeType":"n8n-nodes-base.code","nodeName":"Converte Flowise"}}
{"__type":"$$EventMessageConfirm","confirm":"1919b4ee-215c-42a7-8ed6-05aafa4d6dd3","ts":"2025-02-26T07:49:36.689-05:00","source":{"id":"0","name":"eventBus"}}
{"__type":"$$EventMessageWorkflow","id":"28bbe338-9b2d-4b3a-a2da-ddee3266d6ee","ts":"2025-02-26T07:49:36.690-05:00","eventName":"n8n.workflow.failed","message":"n8n.workflow.failed","payload":{"executionId":"36","success":false,"isManual":true,"workflowId":"92aBHAdn9DgycB3v","workflowName":"exemplo","lastNodeExecuted":"Converte Flowise","errorNodeType":"n8n-nodes-base.code","errorMessage":"Referenced node doesn't exist [line 3]"}}
{"__type":"$$EventMessageConfirm","confirm":"28bbe338-9b2d-4b3a-a2da-ddee3266d6ee","ts":"2025-02-26T07:49:36.690-05:00","source":{"id":"0","name":"eventBus"}}
{"__type":"$$EventMessageWorkflow","id":"6c764b9b-646d-4f9a-b6d1-32409a018a7b","ts":"2025-02-26T07:51:39.484-05:00","eventName":"n8n.workflow.started","message":"n8n.workflow.started","payload":{"executionId":"37","workflowId":"92aBHAdn9DgycB3v","isManual":false,"workflowName":"exemplo"}}
{"__type":"$$EventMessageConfirm","confirm":"6c764b9b-646d-4f9a-b6d1-32409a018a7b","ts":"2025-02-26T07:51:39.484-05:00","source":{"id":"0","name":"eventBus"}}
{"__type":"$$EventMessageNode","id":"e4f803dd-7fc9-4471-8b35-17e781cae8e2","ts":"2025-02-26T07:51:39.486-05:00","eventName":"n8n.node.started","message":"n8n.node.started","payload":{"workflowId":"92aBHAdn9DgycB3v","workflowName":"exemplo","executionId":"37","nodeType":"n8n-nodes-base.code","nodeName":"Converte Flowise"}}
{"__type":"$$EventMessageConfirm","confirm":"e4f803dd-7fc9-4471-8b35-17e781cae8e2","ts":"2025-02-26T07:51:39.486-05:00","source":{"id":"0","name":"eventBus"}}
{"__type":"$$EventMessageNode","id":"5c78a8c5-2acc-4c3c-a459-43cb0e291754","ts":"2025-02-26T07:51:39.497-05:00","eventName":"n8n.node.finished","message":"n8n.node.finished","payload":{"workflowId":"92aBHAdn9DgycB3v","workflowName":"exemplo","executionId":"37","nodeType":"n8n-nodes-base.code","nodeName":"Converte Flowise"}}
{"__type":"$$EventMessageConfirm","confirm":"5c78a8c5-2acc-4c3c-a459-43cb0e291754","ts":"2025-02-26T07:51:39.497-05:00","source":{"id":"0","name":"eventBus"}}
{"__type":"$$EventMessageWorkflow","id":"dd804835-a411-477d-99af-9b058a0e303e","ts":"2025-02-26T07:51:39.499-05:00","eventName":"n8n.workflow.failed","message":"n8n.workflow.failed","payload":{"executionId":"37","success":false,"isManual":true,"workflowId":"92aBHAdn9DgycB3v","workflowName":"exemplo","lastNodeExecuted":"Converte Flowise","errorNodeType":"n8n-nodes-base.code","errorMessage":"Cannot read properties of undefined (reading 'map') [line 11]"}}
{"__type":"$$EventMessageConfirm","confirm":"dd804835-a411-477d-99af-9b058a0e303e","ts":"2025-02-26T07:51:39.501-05:00","source":{"id":"0","name":"eventBus"}}
{"__type":"$$EventMessageAudit","id":"1afbb8af-d420-4424-9e72-f8d2548f3624","ts":"2025-02-26T14:11:34.231-05:00","eventName":"n8n.audit.workflow.created","message":"n8n.audit.workflow.created","payload":{"userId":"ae35a7c4-2de1-46ec-aa59-939a7775a023","_email":"gcorreia590@gmail.com","_firstName":"Gabriel","_lastName":"Costa","globalRole":"global:owner","workflowId":"nTfaOvBue7hbPPCh","workflowName":"My workflow 2"}}
{"__type":"$$EventMessageConfirm","confirm":"1afbb8af-d420-4424-9e72-f8d2548f3624","ts":"2025-02-26T14:11:34.232-05:00","source":{"id":"0","name":"eventBus"}}
{"__type":"$$EventMessageWorkflow","id":"3bb0eedc-785e-495a-ba90-a3d279aa64b9","ts":"2025-02-26T14:11:35.770-05:00","eventName":"n8n.workflow.started","message":"n8n.workflow.started","payload":{"executionId":"38","workflowId":"nTfaOvBue7hbPPCh","isManual":false,"workflowName":"My workflow 2"}}
{"__type":"$$EventMessageConfirm","confirm":"3bb0eedc-785e-495a-ba90-a3d279aa64b9","ts":"2025-02-26T14:11:35.770-05:00","source":{"id":"0","name":"eventBus"}}
{"__type":"$$EventMessageNode","id":"85a9e520-b04e-44af-95eb-07c814b1c9d9","ts":"2025-02-26T14:11:35.771-05:00","eventName":"n8n.node.started","message":"n8n.node.started","payload":{"workflowId":"nTfaOvBue7hbPPCh","workflowName":"My workflow 2","executionId":"38","nodeType":"n8n-nodes-base.webhook","nodeName":"Webhook"}}
{"__type":"$$EventMessageConfirm","confirm":"85a9e520-b04e-44af-95eb-07c814b1c9d9","ts":"2025-02-26T14:11:35.772-05:00","source":{"id":"0","name":"eventBus"}}
{"__type":"$$EventMessageNode","id":"ceb04378-a5d7-4e10-840d-c4123bf4a970","ts":"2025-02-26T14:11:35.773-05:00","eventName":"n8n.node.finished","message":"n8n.node.finished","payload":{"workflowId":"nTfaOvBue7hbPPCh","workflowName":"My workflow 2","executionId":"38","nodeType":"n8n-nodes-base.webhook","nodeName":"Webhook"}}
{"__type":"$$EventMessageConfirm","confirm":"ceb04378-a5d7-4e10-840d-c4123bf4a970","ts":"2025-02-26T14:11:35.773-05:00","source":{"id":"0","name":"eventBus"}}
{"__type":"$$EventMessageWorkflow","id":"d4ffc64c-828e-414e-bc38-29a8228d6c08","ts":"2025-02-26T14:11:35.775-05:00","eventName":"n8n.workflow.failed","message":"n8n.workflow.failed","payload":{"executionId":"38","success":false,"isManual":true,"workflowId":"nTfaOvBue7hbPPCh","workflowName":"My workflow 2","lastNodeExecuted":"Webhook","errorNodeType":"n8n-nodes-base.webhook","errorMessage":"No Respond to Webhook node found in the workflow"}}
{"__type":"$$EventMessageConfirm","confirm":"d4ffc64c-828e-414e-bc38-29a8228d6c08","ts":"2025-02-26T14:11:35.775-05:00","source":{"id":"0","name":"eventBus"}}
{"__type":"$$EventMessageAudit","id":"15b5cce8-a9e4-48c1-803b-df1871c955d3","ts":"2025-02-26T14:14:00.047-05:00","eventName":"n8n.audit.workflow.updated","message":"n8n.audit.workflow.updated","payload":{"userId":"ae35a7c4-2de1-46ec-aa59-939a7775a023","_email":"gcorreia590@gmail.com","_firstName":"Gabriel","_lastName":"Costa","globalRole":"global:owner","workflowId":"nTfaOvBue7hbPPCh","workflowName":"My workflow 2"}}
{"__type":"$$EventMessageConfirm","confirm":"15b5cce8-a9e4-48c1-803b-df1871c955d3","ts":"2025-02-26T14:14:00.048-05:00","source":{"id":"0","name":"eventBus"}}
{"__type":"$$EventMessageWorkflow","id":"6addb29e-24f4-4522-904f-c0f119eafc57","ts":"2025-02-26T14:14:47.524-05:00","eventName":"n8n.workflow.started","message":"n8n.workflow.started","payload":{"executionId":"39","workflowId":"nTfaOvBue7hbPPCh","isManual":false,"workflowName":"My workflow 2"}}
{"__type":"$$EventMessageConfirm","confirm":"6addb29e-24f4-4522-904f-c0f119eafc57","ts":"2025-02-26T14:14:47.524-05:00","source":{"id":"0","name":"eventBus"}}
{"__type":"$$EventMessageNode","id":"e91fdb78-e354-4780-96e1-4def714e9d01","ts":"2025-02-26T14:14:47.525-05:00","eventName":"n8n.node.started","message":"n8n.node.started","payload":{"workflowId":"nTfaOvBue7hbPPCh","workflowName":"My workflow 2","executionId":"39","nodeType":"n8n-nodes-base.webhook","nodeName":"Webhook"}}
{"__type":"$$EventMessageConfirm","confirm":"e91fdb78-e354-4780-96e1-4def714e9d01","ts":"2025-02-26T14:14:47.525-05:00","source":{"id":"0","name":"eventBus"}}
{"__type":"$$EventMessageNode","id":"f3d9b1e3-a995-4cac-8723-89fdb2534673","ts":"2025-02-26T14:14:47.525-05:00","eventName":"n8n.node.finished","message":"n8n.node.finished","payload":{"workflowId":"nTfaOvBue7hbPPCh","workflowName":"My workflow 2","executionId":"39","nodeType":"n8n-nodes-base.webhook","nodeName":"Webhook"}}
{"__type":"$$EventMessageConfirm","confirm":"f3d9b1e3-a995-4cac-8723-89fdb2534673","ts":"2025-02-26T14:14:47.525-05:00","source":{"id":"0","name":"eventBus"}}
{"__type":"$$EventMessageWorkflow","id":"bb2b9832-3768-4639-9da1-5095f2d343a9","ts":"2025-02-26T14:14:47.526-05:00","eventName":"n8n.workflow.success","message":"n8n.workflow.success","payload":{"executionId":"39","success":true,"isManual":true,"workflowId":"nTfaOvBue7hbPPCh","workflowName":"My workflow 2"}}
{"__type":"$$EventMessageConfirm","confirm":"bb2b9832-3768-4639-9da1-5095f2d343a9","ts":"2025-02-26T14:14:47.526-05:00","source":{"id":"0","name":"eventBus"}}
{"__type":"$$EventMessageWorkflow","id":"95bc4841-de69-4043-a3ac-eb757634efce","ts":"2025-02-26T14:15:00.437-05:00","eventName":"n8n.workflow.started","message":"n8n.workflow.started","payload":{"executionId":"40","workflowId":"nTfaOvBue7hbPPCh","isManual":false,"workflowName":"My workflow 2"}}
{"__type":"$$EventMessageConfirm","confirm":"95bc4841-de69-4043-a3ac-eb757634efce","ts":"2025-02-26T14:15:00.438-05:00","source":{"id":"0","name":"eventBus"}}
{"__type":"$$EventMessageNode","id":"93a3c807-526f-40b1-9421-018061481dfe","ts":"2025-02-26T14:15:00.440-05:00","eventName":"n8n.node.started","message":"n8n.node.started","payload":{"workflowId":"nTfaOvBue7hbPPCh","workflowName":"My workflow 2","executionId":"40","nodeType":"n8n-nodes-base.httpRequest","nodeName":"HTTP Request"}}
{"__type":"$$EventMessageConfirm","confirm":"93a3c807-526f-40b1-9421-018061481dfe","ts":"2025-02-26T14:15:00.440-05:00","source":{"id":"0","name":"eventBus"}}
{"__type":"$$EventMessageNode","id":"5fde0e3e-2bc1-4a5e-87dd-231a25310046","ts":"2025-02-26T14:15:00.521-05:00","eventName":"n8n.node.finished","message":"n8n.node.finished","payload":{"workflowId":"nTfaOvBue7hbPPCh","workflowName":"My workflow 2","executionId":"40","nodeType":"n8n-nodes-base.httpRequest","nodeName":"HTTP Request"}}
{"__type":"$$EventMessageConfirm","confirm":"5fde0e3e-2bc1-4a5e-87dd-231a25310046","ts":"2025-02-26T14:15:00.521-05:00","source":{"id":"0","name":"eventBus"}}
{"__type":"$$EventMessageWorkflow","id":"5fe24f53-5f30-4b2b-bb87-abd1b415a1d3","ts":"2025-02-26T14:15:00.524-05:00","eventName":"n8n.workflow.failed","message":"n8n.workflow.failed","payload":{"executionId":"40","success":false,"isManual":true,"workflowId":"nTfaOvBue7hbPPCh","workflowName":"My workflow 2","lastNodeExecuted":"HTTP Request","errorNodeType":"n8n-nodes-base.httpRequest","errorMessage":"The service was not able to process your request"}}
{"__type":"$$EventMessageConfirm","confirm":"5fe24f53-5f30-4b2b-bb87-abd1b415a1d3","ts":"2025-02-26T14:15:00.524-05:00","source":{"id":"0","name":"eventBus"}}
{"__type":"$$EventMessageWorkflow","id":"d8dd7814-4326-4288-92d4-d92130717d01","ts":"2025-02-26T14:15:29.796-05:00","eventName":"n8n.workflow.started","message":"n8n.workflow.started","payload":{"executionId":"41","workflowId":"nTfaOvBue7hbPPCh","isManual":false,"workflowName":"My workflow 2"}}
{"__type":"$$EventMessageConfirm","confirm":"d8dd7814-4326-4288-92d4-d92130717d01","ts":"2025-02-26T14:15:29.796-05:00","source":{"id":"0","name":"eventBus"}}
{"__type":"$$EventMessageNode","id":"4f429593-b218-4ac7-b241-32c626484eac","ts":"2025-02-26T14:15:29.797-05:00","eventName":"n8n.node.started","message":"n8n.node.started","payload":{"workflowId":"nTfaOvBue7hbPPCh","workflowName":"My workflow 2","executionId":"41","nodeType":"n8n-nodes-base.httpRequest","nodeName":"HTTP Request"}}
{"__type":"$$EventMessageConfirm","confirm":"4f429593-b218-4ac7-b241-32c626484eac","ts":"2025-02-26T14:15:29.798-05:00","source":{"id":"0","name":"eventBus"}}
{"__type":"$$EventMessageNode","id":"67decdfc-866f-46c0-a829-7b67db948a5f","ts":"2025-02-26T14:15:29.847-05:00","eventName":"n8n.node.finished","message":"n8n.node.finished","payload":{"workflowId":"nTfaOvBue7hbPPCh","workflowName":"My workflow 2","executionId":"41","nodeType":"n8n-nodes-base.httpRequest","nodeName":"HTTP Request"}}
{"__type":"$$EventMessageConfirm","confirm":"67decdfc-866f-46c0-a829-7b67db948a5f","ts":"2025-02-26T14:15:29.847-05:00","source":{"id":"0","name":"eventBus"}}
{"__type":"$$EventMessageWorkflow","id":"eef83d8f-57c2-4eb1-9ce0-57b7d9bf341b","ts":"2025-02-26T14:15:29.849-05:00","eventName":"n8n.workflow.failed","message":"n8n.workflow.failed","payload":{"executionId":"41","success":false,"isManual":true,"workflowId":"nTfaOvBue7hbPPCh","workflowName":"My workflow 2","lastNodeExecuted":"HTTP Request","errorNodeType":"n8n-nodes-base.httpRequest","errorMessage":"The service was not able to process your request"}}
{"__type":"$$EventMessageConfirm","confirm":"eef83d8f-57c2-4eb1-9ce0-57b7d9bf341b","ts":"2025-02-26T14:15:29.849-05:00","source":{"id":"0","name":"eventBus"}}
{"__type":"$$EventMessageAudit","id":"ebe99bc8-bc06-479f-a58a-ac6b87cbe42f","ts":"2025-02-26T14:15:34.417-05:00","eventName":"n8n.audit.workflow.updated","message":"n8n.audit.workflow.updated","payload":{"userId":"ae35a7c4-2de1-46ec-aa59-939a7775a023","_email":"gcorreia590@gmail.com","_firstName":"Gabriel","_lastName":"Costa","globalRole":"global:owner","workflowId":"nTfaOvBue7hbPPCh","workflowName":"My workflow 2"}}
{"__type":"$$EventMessageConfirm","confirm":"ebe99bc8-bc06-479f-a58a-ac6b87cbe42f","ts":"2025-02-26T14:15:34.418-05:00","source":{"id":"0","name":"eventBus"}}
{"__type":"$$EventMessageWorkflow","id":"93eb4ec9-d526-418c-a751-f17ddad23873","ts":"2025-02-26T14:15:40.956-05:00","eventName":"n8n.workflow.started","message":"n8n.workflow.started","payload":{"executionId":"42","workflowId":"nTfaOvBue7hbPPCh","isManual":false,"workflowName":"My workflow 2"}}
{"__type":"$$EventMessageConfirm","confirm":"93eb4ec9-d526-418c-a751-f17ddad23873","ts":"2025-02-26T14:15:40.956-05:00","source":{"id":"0","name":"eventBus"}}
{"__type":"$$EventMessageNode","id":"8ad9d2f5-8f87-4998-9ca9-94f430a0ab2a","ts":"2025-02-26T14:15:40.957-05:00","eventName":"n8n.node.started","message":"n8n.node.started","payload":{"workflowId":"nTfaOvBue7hbPPCh","workflowName":"My workflow 2","executionId":"42","nodeType":"n8n-nodes-base.httpRequest","nodeName":"HTTP Request"}}
{"__type":"$$EventMessageConfirm","confirm":"8ad9d2f5-8f87-4998-9ca9-94f430a0ab2a","ts":"2025-02-26T14:15:40.957-05:00","source":{"id":"0","name":"eventBus"}}
{"__type":"$$EventMessageNode","id":"68acb654-47fc-464b-a37b-40607076cb28","ts":"2025-02-26T14:15:40.976-05:00","eventName":"n8n.node.finished","message":"n8n.node.finished","payload":{"workflowId":"nTfaOvBue7hbPPCh","workflowName":"My workflow 2","executionId":"42","nodeType":"n8n-nodes-base.httpRequest","nodeName":"HTTP Request"}}
{"__type":"$$EventMessageConfirm","confirm":"68acb654-47fc-464b-a37b-40607076cb28","ts":"2025-02-26T14:15:40.976-05:00","source":{"id":"0","name":"eventBus"}}
{"__type":"$$EventMessageWorkflow","id":"4f0e1013-1123-4825-8004-dad986c2f746","ts":"2025-02-26T14:15:40.978-05:00","eventName":"n8n.workflow.failed","message":"n8n.workflow.failed","payload":{"executionId":"42","success":false,"isManual":true,"workflowId":"nTfaOvBue7hbPPCh","workflowName":"My workflow 2","lastNodeExecuted":"HTTP Request","errorNodeType":"n8n-nodes-base.httpRequest","errorMessage":"The service was not able to process your request"}}
{"__type":"$$EventMessageConfirm","confirm":"4f0e1013-1123-4825-8004-dad986c2f746","ts":"2025-02-26T14:15:40.978-05:00","source":{"id":"0","name":"eventBus"}}
{"__type":"$$EventMessageWorkflow","id":"85f228bc-c479-41f0-b38e-a5e5f3bb404a","ts":"2025-02-26T14:15:46.949-05:00","eventName":"n8n.workflow.started","message":"n8n.workflow.started","payload":{"executionId":"43","workflowId":"nTfaOvBue7hbPPCh","isManual":false,"workflowName":"My workflow 2"}}
{"__type":"$$EventMessageConfirm","confirm":"85f228bc-c479-41f0-b38e-a5e5f3bb404a","ts":"2025-02-26T14:15:46.949-05:00","source":{"id":"0","name":"eventBus"}}
{"__type":"$$EventMessageNode","id":"5086cdc2-a453-4240-903b-638c6ce44d49","ts":"2025-02-26T14:15:46.950-05:00","eventName":"n8n.node.started","message":"n8n.node.started","payload":{"workflowId":"nTfaOvBue7hbPPCh","workflowName":"My workflow 2","executionId":"43","nodeType":"n8n-nodes-base.webhook","nodeName":"Webhook"}}
{"__type":"$$EventMessageConfirm","confirm":"5086cdc2-a453-4240-903b-638c6ce44d49","ts":"2025-02-26T14:15:46.950-05:00","source":{"id":"0","name":"eventBus"}}
{"__type":"$$EventMessageNode","id":"8484295e-34d6-4680-ba9f-eb84961faa58","ts":"2025-02-26T14:15:46.951-05:00","eventName":"n8n.node.finished","message":"n8n.node.finished","payload":{"workflowId":"nTfaOvBue7hbPPCh","workflowName":"My workflow 2","executionId":"43","nodeType":"n8n-nodes-base.webhook","nodeName":"Webhook"}}
{"__type":"$$EventMessageConfirm","confirm":"8484295e-34d6-4680-ba9f-eb84961faa58","ts":"2025-02-26T14:15:46.951-05:00","source":{"id":"0","name":"eventBus"}}
{"__type":"$$EventMessageWorkflow","id":"904614fb-c74e-4edf-8fe3-36c2fd03f366","ts":"2025-02-26T14:15:46.951-05:00","eventName":"n8n.workflow.success","message":"n8n.workflow.success","payload":{"executionId":"43","success":true,"isManual":true,"workflowId":"nTfaOvBue7hbPPCh","workflowName":"My workflow 2"}}
{"__type":"$$EventMessageConfirm","confirm":"904614fb-c74e-4edf-8fe3-36c2fd03f366","ts":"2025-02-26T14:15:46.951-05:00","source":{"id":"0","name":"eventBus"}}
{"__type":"$$EventMessageWorkflow","id":"5647c25a-8a72-41e4-9514-7940b3a45004","ts":"2025-02-26T14:17:37.070-05:00","eventName":"n8n.workflow.started","message":"n8n.workflow.started","payload":{"executionId":"44","workflowId":"nTfaOvBue7hbPPCh","isManual":false,"workflowName":"My workflow 2"}}
{"__type":"$$EventMessageConfirm","confirm":"5647c25a-8a72-41e4-9514-7940b3a45004","ts":"2025-02-26T14:17:37.071-05:00","source":{"id":"0","name":"eventBus"}}
{"__type":"$$EventMessageNode","id":"8fe2c285-3afc-45f5-b89a-36c4aa89fe9f","ts":"2025-02-26T14:17:37.071-05:00","eventName":"n8n.node.started","message":"n8n.node.started","payload":{"workflowId":"nTfaOvBue7hbPPCh","workflowName":"My workflow 2","executionId":"44","nodeType":"n8n-nodes-base.httpRequest","nodeName":"HTTP Request"}}
{"__type":"$$EventMessageConfirm","confirm":"8fe2c285-3afc-45f5-b89a-36c4aa89fe9f","ts":"2025-02-26T14:17:37.072-05:00","source":{"id":"0","name":"eventBus"}}
{"__type":"$$EventMessageNode","id":"716ece93-7d76-4435-a712-84988d429deb","ts":"2025-02-26T14:17:37.857-05:00","eventName":"n8n.node.finished","message":"n8n.node.finished","payload":{"workflowId":"nTfaOvBue7hbPPCh","workflowName":"My workflow 2","executionId":"44","nodeType":"n8n-nodes-base.httpRequest","nodeName":"HTTP Request"}}
{"__type":"$$EventMessageConfirm","confirm":"716ece93-7d76-4435-a712-84988d429deb","ts":"2025-02-26T14:17:37.857-05:00","source":{"id":"0","name":"eventBus"}}
{"__type":"$$EventMessageWorkflow","id":"29eafda7-17a2-436a-aeec-ed9a883683ba","ts":"2025-02-26T14:17:37.858-05:00","eventName":"n8n.workflow.success","message":"n8n.workflow.success","payload":{"executionId":"44","success":true,"isManual":true,"workflowId":"nTfaOvBue7hbPPCh","workflowName":"My workflow 2"}}
{"__type":"$$EventMessageConfirm","confirm":"29eafda7-17a2-436a-aeec-ed9a883683ba","ts":"2025-02-26T14:17:37.858-05:00","source":{"id":"0","name":"eventBus"}}
{"__type":"$$EventMessageAudit","id":"66927706-6802-4f12-ae93-e99fb33730d7","ts":"2025-02-26T14:18:22.723-05:00","eventName":"n8n.audit.workflow.updated","message":"n8n.audit.workflow.updated","payload":{"userId":"ae35a7c4-2de1-46ec-aa59-939a7775a023","_email":"gcorreia590@gmail.com","_firstName":"Gabriel","_lastName":"Costa","globalRole":"global:owner","workflowId":"nTfaOvBue7hbPPCh","workflowName":"My workflow 2"}}
{"__type":"$$EventMessageConfirm","confirm":"66927706-6802-4f12-ae93-e99fb33730d7","ts":"2025-02-26T14:18:22.723-05:00","source":{"id":"0","name":"eventBus"}}
{"__type":"$$EventMessageAudit","id":"facef3af-3d42-4909-b3d7-b41847582a07","ts":"2025-02-26T14:20:03.210-05:00","eventName":"n8n.audit.workflow.updated","message":"n8n.audit.workflow.updated","payload":{"userId":"ae35a7c4-2de1-46ec-aa59-939a7775a023","_email":"gcorreia590@gmail.com","_firstName":"Gabriel","_lastName":"Costa","globalRole":"global:owner","workflowId":"d2ArHyt7RZc4EyZF","workflowName":"fluxo"}}
{"__type":"$$EventMessageConfirm","confirm":"facef3af-3d42-4909-b3d7-b41847582a07","ts":"2025-02-26T14:20:03.210-05:00","source":{"id":"0","name":"eventBus"}}
{"__type":"$$EventMessageWorkflow","id":"18bd7774-404e-48f7-816f-daa29446e63c","ts":"2025-02-26T14:20:33.806-05:00","eventName":"n8n.workflow.started","message":"n8n.workflow.started","payload":{"executionId":"45","workflowId":"nTfaOvBue7hbPPCh","isManual":false,"workflowName":"My workflow 2"}}
{"__type":"$$EventMessageConfirm","confirm":"18bd7774-404e-48f7-816f-daa29446e63c","ts":"2025-02-26T14:20:33.806-05:00","source":{"id":"0","name":"eventBus"}}
{"__type":"$$EventMessageNode","id":"5c0c11af-d053-4336-8f85-7bf9e6ee521d","ts":"2025-02-26T14:20:33.806-05:00","eventName":"n8n.node.started","message":"n8n.node.started","payload":{"workflowId":"nTfaOvBue7hbPPCh","workflowName":"My workflow 2","executionId":"45","nodeType":"n8n-nodes-base.webhook","nodeName":"Webhook"}}
{"__type":"$$EventMessageConfirm","confirm":"5c0c11af-d053-4336-8f85-7bf9e6ee521d","ts":"2025-02-26T14:20:33.806-05:00","source":{"id":"0","name":"eventBus"}}
{"__type":"$$EventMessageNode","id":"120f174c-a713-4ec4-8660-add33731cd4f","ts":"2025-02-26T14:20:33.807-05:00","eventName":"n8n.node.finished","message":"n8n.node.finished","payload":{"workflowId":"nTfaOvBue7hbPPCh","workflowName":"My workflow 2","executionId":"45","nodeType":"n8n-nodes-base.webhook","nodeName":"Webhook"}}
{"__type":"$$EventMessageConfirm","confirm":"120f174c-a713-4ec4-8660-add33731cd4f","ts":"2025-02-26T14:20:33.807-05:00","source":{"id":"0","name":"eventBus"}}
{"__type":"$$EventMessageNode","id":"4441b34f-4b58-4b0b-8662-8ded53460824","ts":"2025-02-26T14:20:33.807-05:00","eventName":"n8n.node.started","message":"n8n.node.started","payload":{"workflowId":"nTfaOvBue7hbPPCh","workflowName":"My workflow 2","executionId":"45","nodeType":"n8n-nodes-base.httpRequest","nodeName":"HTTP Request"}}
{"__type":"$$EventMessageConfirm","confirm":"4441b34f-4b58-4b0b-8662-8ded53460824","ts":"2025-02-26T14:20:33.807-05:00","source":{"id":"0","name":"eventBus"}}
{"__type":"$$EventMessageNode","id":"769ca338-c0d2-406a-b329-055404e87220","ts":"2025-02-26T14:20:38.076-05:00","eventName":"n8n.node.finished","message":"n8n.node.finished","payload":{"workflowId":"nTfaOvBue7hbPPCh","workflowName":"My workflow 2","executionId":"45","nodeType":"n8n-nodes-base.httpRequest","nodeName":"HTTP Request"}}
{"__type":"$$EventMessageConfirm","confirm":"769ca338-c0d2-406a-b329-055404e87220","ts":"2025-02-26T14:20:38.076-05:00","source":{"id":"0","name":"eventBus"}}
{"__type":"$$EventMessageNode","id":"652c020c-347c-4f0a-b021-dce503fc4b18","ts":"2025-02-26T14:20:38.076-05:00","eventName":"n8n.node.started","message":"n8n.node.started","payload":{"workflowId":"nTfaOvBue7hbPPCh","workflowName":"My workflow 2","executionId":"45","nodeType":"n8n-nodes-base.respondToWebhook","nodeName":"Respond to Webhook"}}
{"__type":"$$EventMessageConfirm","confirm":"652c020c-347c-4f0a-b021-dce503fc4b18","ts":"2025-02-26T14:20:38.076-05:00","source":{"id":"0","name":"eventBus"}}
{"__type":"$$EventMessageNode","id":"a333397f-538d-467d-944f-4f5e501d50ec","ts":"2025-02-26T14:20:38.078-05:00","eventName":"n8n.node.finished","message":"n8n.node.finished","payload":{"workflowId":"nTfaOvBue7hbPPCh","workflowName":"My workflow 2","executionId":"45","nodeType":"n8n-nodes-base.respondToWebhook","nodeName":"Respond to Webhook"}}
{"__type":"$$EventMessageConfirm","confirm":"a333397f-538d-467d-944f-4f5e501d50ec","ts":"2025-02-26T14:20:38.079-05:00","source":{"id":"0","name":"eventBus"}}
{"__type":"$$EventMessageWorkflow","id":"a66ac9c7-12f1-47f6-b2b7-f5308ec4fbf0","ts":"2025-02-26T14:20:38.079-05:00","eventName":"n8n.workflow.success","message":"n8n.workflow.success","payload":{"executionId":"45","success":true,"isManual":true,"workflowId":"nTfaOvBue7hbPPCh","workflowName":"My workflow 2"}}
{"__type":"$$EventMessageConfirm","confirm":"a66ac9c7-12f1-47f6-b2b7-f5308ec4fbf0","ts":"2025-02-26T14:20:38.080-05:00","source":{"id":"0","name":"eventBus"}}
{"__type":"$$EventMessageWorkflow","id":"e8146fad-1f41-4e28-9aab-72ee10889007","ts":"2025-02-26T15:35:53.858-05:00","eventName":"n8n.workflow.started","message":"n8n.workflow.started","payload":{"executionId":"46","workflowId":"nTfaOvBue7hbPPCh","isManual":false,"workflowName":"My workflow 2"}}
{"__type":"$$EventMessageConfirm","confirm":"e8146fad-1f41-4e28-9aab-72ee10889007","ts":"2025-02-26T15:35:53.859-05:00","source":{"id":"0","name":"eventBus"}}
{"__type":"$$EventMessageNode","id":"1f440cee-8729-4f9e-9af9-3e38f9506de0","ts":"2025-02-26T15:35:53.860-05:00","eventName":"n8n.node.started","message":"n8n.node.started","payload":{"workflowId":"nTfaOvBue7hbPPCh","workflowName":"My workflow 2","executionId":"46","nodeType":"n8n-nodes-base.webhook","nodeName":"Webhook"}}
{"__type":"$$EventMessageConfirm","confirm":"1f440cee-8729-4f9e-9af9-3e38f9506de0","ts":"2025-02-26T15:35:53.860-05:00","source":{"id":"0","name":"eventBus"}}
{"__type":"$$EventMessageNode","id":"ec799b81-520b-4f5b-8151-ddba69f8af64","ts":"2025-02-26T15:35:53.861-05:00","eventName":"n8n.node.finished","message":"n8n.node.finished","payload":{"workflowId":"nTfaOvBue7hbPPCh","workflowName":"My workflow 2","executionId":"46","nodeType":"n8n-nodes-base.webhook","nodeName":"Webhook"}}
{"__type":"$$EventMessageConfirm","confirm":"ec799b81-520b-4f5b-8151-ddba69f8af64","ts":"2025-02-26T15:35:53.861-05:00","source":{"id":"0","name":"eventBus"}}
{"__type":"$$EventMessageNode","id":"57723e69-c77d-4ba4-a8f4-a65043e4fb28","ts":"2025-02-26T15:35:53.862-05:00","eventName":"n8n.node.started","message":"n8n.node.started","payload":{"workflowId":"nTfaOvBue7hbPPCh","workflowName":"My workflow 2","executionId":"46","nodeType":"n8n-nodes-base.httpRequest","nodeName":"HTTP Request"}}
{"__type":"$$EventMessageConfirm","confirm":"57723e69-c77d-4ba4-a8f4-a65043e4fb28","ts":"2025-02-26T15:35:53.862-05:00","source":{"id":"0","name":"eventBus"}}
{"__type":"$$EventMessageNode","id":"5c06e689-96df-4d96-9e75-61e3ab55e0af","ts":"2025-02-26T15:35:55.782-05:00","eventName":"n8n.node.finished","message":"n8n.node.finished","payload":{"workflowId":"nTfaOvBue7hbPPCh","workflowName":"My workflow 2","executionId":"46","nodeType":"n8n-nodes-base.httpRequest","nodeName":"HTTP Request"}}
{"__type":"$$EventMessageConfirm","confirm":"5c06e689-96df-4d96-9e75-61e3ab55e0af","ts":"2025-02-26T15:35:55.782-05:00","source":{"id":"0","name":"eventBus"}}
{"__type":"$$EventMessageNode","id":"41a79467-fb02-491f-bc01-ab56b5703318","ts":"2025-02-26T15:35:55.784-05:00","eventName":"n8n.node.started","message":"n8n.node.started","payload":{"workflowId":"nTfaOvBue7hbPPCh","workflowName":"My workflow 2","executionId":"46","nodeType":"n8n-nodes-base.respondToWebhook","nodeName":"Respond to Webhook"}}
{"__type":"$$EventMessageConfirm","confirm":"41a79467-fb02-491f-bc01-ab56b5703318","ts":"2025-02-26T15:35:55.785-05:00","source":{"id":"0","name":"eventBus"}}
{"__type":"$$EventMessageNode","id":"4979e172-7b45-4d0c-be0b-3b4fd7d77eff","ts":"2025-02-26T15:35:55.787-05:00","eventName":"n8n.node.finished","message":"n8n.node.finished","payload":{"workflowId":"nTfaOvBue7hbPPCh","workflowName":"My workflow 2","executionId":"46","nodeType":"n8n-nodes-base.respondToWebhook","nodeName":"Respond to Webhook"}}
{"__type":"$$EventMessageConfirm","confirm":"4979e172-7b45-4d0c-be0b-3b4fd7d77eff","ts":"2025-02-26T15:35:55.788-05:00","source":{"id":"0","name":"eventBus"}}
{"__type":"$$EventMessageWorkflow","id":"bcb90607-d0df-4228-83ce-4bbb550140e4","ts":"2025-02-26T15:35:55.794-05:00","eventName":"n8n.workflow.success","message":"n8n.workflow.success","payload":{"executionId":"46","success":true,"isManual":true,"workflowId":"nTfaOvBue7hbPPCh","workflowName":"My workflow 2"}}
{"__type":"$$EventMessageConfirm","confirm":"bcb90607-d0df-4228-83ce-4bbb550140e4","ts":"2025-02-26T15:35:55.794-05:00","source":{"id":"0","name":"eventBus"}}
{"__type":"$$EventMessageWorkflow","id":"7602e3a6-f579-451c-9ed6-c749a700e963","ts":"2025-02-26T15:36:30.747-05:00","eventName":"n8n.workflow.started","message":"n8n.workflow.started","payload":{"executionId":"47","workflowId":"nTfaOvBue7hbPPCh","isManual":false,"workflowName":"My workflow 2"}}
{"__type":"$$EventMessageConfirm","confirm":"7602e3a6-f579-451c-9ed6-c749a700e963","ts":"2025-02-26T15:36:30.747-05:00","source":{"id":"0","name":"eventBus"}}
{"__type":"$$EventMessageNode","id":"fe412851-f0ba-4442-a7da-2a7c47fec2dc","ts":"2025-02-26T15:36:30.748-05:00","eventName":"n8n.node.started","message":"n8n.node.started","payload":{"workflowId":"nTfaOvBue7hbPPCh","workflowName":"My workflow 2","executionId":"47","nodeType":"n8n-nodes-base.webhook","nodeName":"Webhook"}}
{"__type":"$$EventMessageConfirm","confirm":"fe412851-f0ba-4442-a7da-2a7c47fec2dc","ts":"2025-02-26T15:36:30.748-05:00","source":{"id":"0","name":"eventBus"}}
{"__type":"$$EventMessageNode","id":"61bffe51-dd35-4262-b4a1-1455adcb5f57","ts":"2025-02-26T15:36:30.748-05:00","eventName":"n8n.node.finished","message":"n8n.node.finished","payload":{"workflowId":"nTfaOvBue7hbPPCh","workflowName":"My workflow 2","executionId":"47","nodeType":"n8n-nodes-base.webhook","nodeName":"Webhook"}}
{"__type":"$$EventMessageConfirm","confirm":"61bffe51-dd35-4262-b4a1-1455adcb5f57","ts":"2025-02-26T15:36:30.748-05:00","source":{"id":"0","name":"eventBus"}}
{"__type":"$$EventMessageNode","id":"7437d8c0-507a-497b-aeed-e8efb7fb0742","ts":"2025-02-26T15:36:30.748-05:00","eventName":"n8n.node.started","message":"n8n.node.started","payload":{"workflowId":"nTfaOvBue7hbPPCh","workflowName":"My workflow 2","executionId":"47","nodeType":"n8n-nodes-base.httpRequest","nodeName":"HTTP Request"}}
{"__type":"$$EventMessageConfirm","confirm":"7437d8c0-507a-497b-aeed-e8efb7fb0742","ts":"2025-02-26T15:36:30.748-05:00","source":{"id":"0","name":"eventBus"}}
{"__type":"$$EventMessageNode","id":"d82452ba-3169-4a95-9d43-2b8fa0632076","ts":"2025-02-26T15:36:30.841-05:00","eventName":"n8n.node.finished","message":"n8n.node.finished","payload":{"workflowId":"nTfaOvBue7hbPPCh","workflowName":"My workflow 2","executionId":"47","nodeType":"n8n-nodes-base.httpRequest","nodeName":"HTTP Request"}}
{"__type":"$$EventMessageConfirm","confirm":"d82452ba-3169-4a95-9d43-2b8fa0632076","ts":"2025-02-26T15:36:30.841-05:00","source":{"id":"0","name":"eventBus"}}
{"__type":"$$EventMessageNode","id":"4b3372a0-2f98-4717-8a4e-685b1458399c","ts":"2025-02-26T15:36:30.842-05:00","eventName":"n8n.node.started","message":"n8n.node.started","payload":{"workflowId":"nTfaOvBue7hbPPCh","workflowName":"My workflow 2","executionId":"47","nodeType":"n8n-nodes-base.respondToWebhook","nodeName":"Respond to Webhook"}}
{"__type":"$$EventMessageConfirm","confirm":"4b3372a0-2f98-4717-8a4e-685b1458399c","ts":"2025-02-26T15:36:30.842-05:00","source":{"id":"0","name":"eventBus"}}
{"__type":"$$EventMessageNode","id":"a90e85b4-befe-4a80-8cc0-ea841cea00ce","ts":"2025-02-26T15:36:30.843-05:00","eventName":"n8n.node.finished","message":"n8n.node.finished","payload":{"workflowId":"nTfaOvBue7hbPPCh","workflowName":"My workflow 2","executionId":"47","nodeType":"n8n-nodes-base.respondToWebhook","nodeName":"Respond to Webhook"}}
{"__type":"$$EventMessageConfirm","confirm":"a90e85b4-befe-4a80-8cc0-ea841cea00ce","ts":"2025-02-26T15:36:30.843-05:00","source":{"id":"0","name":"eventBus"}}
{"__type":"$$EventMessageWorkflow","id":"eb9cdf3f-570d-43f4-a05f-469a7d829a65","ts":"2025-02-26T15:36:30.844-05:00","eventName":"n8n.workflow.success","message":"n8n.workflow.success","payload":{"executionId":"47","success":true,"isManual":true,"workflowId":"nTfaOvBue7hbPPCh","workflowName":"My workflow 2"}}
{"__type":"$$EventMessageConfirm","confirm":"eb9cdf3f-570d-43f4-a05f-469a7d829a65","ts":"2025-02-26T15:36:30.844-05:00","source":{"id":"0","name":"eventBus"}}
{"__type":"$$EventMessageAudit","id":"b4aae905-db2c-46bf-9760-231235bf021b","ts":"2025-02-26T15:38:22.834-05:00","eventName":"n8n.audit.workflow.updated","message":"n8n.audit.workflow.updated","payload":{"userId":"ae35a7c4-2de1-46ec-aa59-939a7775a023","_email":"gcorreia590@gmail.com","_firstName":"Gabriel","_lastName":"Costa","globalRole":"global:owner","workflowId":"nTfaOvBue7hbPPCh","workflowName":"My workflow 2"}}
{"__type":"$$EventMessageConfirm","confirm":"b4aae905-db2c-46bf-9760-231235bf021b","ts":"2025-02-26T15:38:22.835-05:00","source":{"id":"0","name":"eventBus"}}
{"__type":"$$EventMessageWorkflow","id":"3a4fe403-9b4c-4030-be27-42e650f11c92","ts":"2025-02-26T15:38:32.007-05:00","eventName":"n8n.workflow.started","message":"n8n.workflow.started","payload":{"executionId":"48","workflowId":"nTfaOvBue7hbPPCh","isManual":false,"workflowName":"My workflow 2"}}
{"__type":"$$EventMessageConfirm","confirm":"3a4fe403-9b4c-4030-be27-42e650f11c92","ts":"2025-02-26T15:38:32.007-05:00","source":{"id":"0","name":"eventBus"}}
{"__type":"$$EventMessageNode","id":"09f68495-e574-4765-9b4f-715f29a13b6a","ts":"2025-02-26T15:38:32.007-05:00","eventName":"n8n.node.started","message":"n8n.node.started","payload":{"workflowId":"nTfaOvBue7hbPPCh","workflowName":"My workflow 2","executionId":"48","nodeType":"n8n-nodes-base.webhook","nodeName":"Webhook"}}
{"__type":"$$EventMessageConfirm","confirm":"09f68495-e574-4765-9b4f-715f29a13b6a","ts":"2025-02-26T15:38:32.007-05:00","source":{"id":"0","name":"eventBus"}}
{"__type":"$$EventMessageNode","id":"04ac9487-f8f1-4903-8300-c8fab14ae88c","ts":"2025-02-26T15:38:32.008-05:00","eventName":"n8n.node.finished","message":"n8n.node.finished","payload":{"workflowId":"nTfaOvBue7hbPPCh","workflowName":"My workflow 2","executionId":"48","nodeType":"n8n-nodes-base.webhook","nodeName":"Webhook"}}
{"__type":"$$EventMessageConfirm","confirm":"04ac9487-f8f1-4903-8300-c8fab14ae88c","ts":"2025-02-26T15:38:32.008-05:00","source":{"id":"0","name":"eventBus"}}
{"__type":"$$EventMessageNode","id":"e62598ea-ba82-4394-b97e-f6442aa594f5","ts":"2025-02-26T15:38:32.008-05:00","eventName":"n8n.node.started","message":"n8n.node.started","payload":{"workflowId":"nTfaOvBue7hbPPCh","workflowName":"My workflow 2","executionId":"48","nodeType":"n8n-nodes-base.httpRequest","nodeName":"HTTP Request"}}
{"__type":"$$EventMessageConfirm","confirm":"e62598ea-ba82-4394-b97e-f6442aa594f5","ts":"2025-02-26T15:38:32.008-05:00","source":{"id":"0","name":"eventBus"}}
{"__type":"$$EventMessageNode","id":"2fe4ed43-d577-489c-a80a-21085acdc391","ts":"2025-02-26T15:38:32.079-05:00","eventName":"n8n.node.finished","message":"n8n.node.finished","payload":{"workflowId":"nTfaOvBue7hbPPCh","workflowName":"My workflow 2","executionId":"48","nodeType":"n8n-nodes-base.httpRequest","nodeName":"HTTP Request"}}
{"__type":"$$EventMessageConfirm","confirm":"2fe4ed43-d577-489c-a80a-21085acdc391","ts":"2025-02-26T15:38:32.079-05:00","source":{"id":"0","name":"eventBus"}}
{"__type":"$$EventMessageNode","id":"fd8ba150-0574-4251-b146-7bd3ac36cbad","ts":"2025-02-26T15:38:32.080-05:00","eventName":"n8n.node.started","message":"n8n.node.started","payload":{"workflowId":"nTfaOvBue7hbPPCh","workflowName":"My workflow 2","executionId":"48","nodeType":"n8n-nodes-base.respondToWebhook","nodeName":"Respond to Webhook"}}
{"__type":"$$EventMessageConfirm","confirm":"fd8ba150-0574-4251-b146-7bd3ac36cbad","ts":"2025-02-26T15:38:32.080-05:00","source":{"id":"0","name":"eventBus"}}
{"__type":"$$EventMessageNode","id":"a8da4854-c230-4743-907f-2807187c5750","ts":"2025-02-26T15:38:32.081-05:00","eventName":"n8n.node.finished","message":"n8n.node.finished","payload":{"workflowId":"nTfaOvBue7hbPPCh","workflowName":"My workflow 2","executionId":"48","nodeType":"n8n-nodes-base.respondToWebhook","nodeName":"Respond to Webhook"}}
{"__type":"$$EventMessageConfirm","confirm":"a8da4854-c230-4743-907f-2807187c5750","ts":"2025-02-26T15:38:32.082-05:00","source":{"id":"0","name":"eventBus"}}
{"__type":"$$EventMessageWorkflow","id":"d19dddcb-31d7-449c-9f19-01873803bd4b","ts":"2025-02-26T15:38:32.083-05:00","eventName":"n8n.workflow.success","message":"n8n.workflow.success","payload":{"executionId":"48","success":true,"isManual":true,"workflowId":"nTfaOvBue7hbPPCh","workflowName":"My workflow 2"}}
{"__type":"$$EventMessageConfirm","confirm":"d19dddcb-31d7-449c-9f19-01873803bd4b","ts":"2025-02-26T15:38:32.083-05:00","source":{"id":"0","name":"eventBus"}}
{"__type":"$$EventMessageWorkflow","id":"0e6caa49-0fea-4f58-b4ea-49380ba950ed","ts":"2025-02-26T15:39:11.940-05:00","eventName":"n8n.workflow.started","message":"n8n.workflow.started","payload":{"executionId":"49","workflowId":"nTfaOvBue7hbPPCh","isManual":false,"workflowName":"My workflow 2"}}
{"__type":"$$EventMessageConfirm","confirm":"0e6caa49-0fea-4f58-b4ea-49380ba950ed","ts":"2025-02-26T15:39:11.941-05:00","source":{"id":"0","name":"eventBus"}}
{"__type":"$$EventMessageNode","id":"118fb96a-7f17-4263-bbc1-ac0e7bc39be1","ts":"2025-02-26T15:39:11.941-05:00","eventName":"n8n.node.started","message":"n8n.node.started","payload":{"workflowId":"nTfaOvBue7hbPPCh","workflowName":"My workflow 2","executionId":"49","nodeType":"n8n-nodes-base.webhook","nodeName":"Webhook"}}
{"__type":"$$EventMessageConfirm","confirm":"118fb96a-7f17-4263-bbc1-ac0e7bc39be1","ts":"2025-02-26T15:39:11.941-05:00","source":{"id":"0","name":"eventBus"}}
{"__type":"$$EventMessageNode","id":"7b6335ec-0730-45d7-b19c-29664d21d54b","ts":"2025-02-26T15:39:11.941-05:00","eventName":"n8n.node.finished","message":"n8n.node.finished","payload":{"workflowId":"nTfaOvBue7hbPPCh","workflowName":"My workflow 2","executionId":"49","nodeType":"n8n-nodes-base.webhook","nodeName":"Webhook"}}
{"__type":"$$EventMessageConfirm","confirm":"7b6335ec-0730-45d7-b19c-29664d21d54b","ts":"2025-02-26T15:39:11.941-05:00","source":{"id":"0","name":"eventBus"}}
{"__type":"$$EventMessageNode","id":"129a4795-d419-4696-9230-4f54cf7938d7","ts":"2025-02-26T15:39:11.942-05:00","eventName":"n8n.node.started","message":"n8n.node.started","payload":{"workflowId":"nTfaOvBue7hbPPCh","workflowName":"My workflow 2","executionId":"49","nodeType":"n8n-nodes-base.httpRequest","nodeName":"HTTP Request"}}
{"__type":"$$EventMessageConfirm","confirm":"129a4795-d419-4696-9230-4f54cf7938d7","ts":"2025-02-26T15:39:11.942-05:00","source":{"id":"0","name":"eventBus"}}
{"__type":"$$EventMessageNode","id":"ca118087-6792-4aef-b7e2-0201ea1d51c1","ts":"2025-02-26T15:39:13.334-05:00","eventName":"n8n.node.finished","message":"n8n.node.finished","payload":{"workflowId":"nTfaOvBue7hbPPCh","workflowName":"My workflow 2","executionId":"49","nodeType":"n8n-nodes-base.httpRequest","nodeName":"HTTP Request"}}
{"__type":"$$EventMessageConfirm","confirm":"ca118087-6792-4aef-b7e2-0201ea1d51c1","ts":"2025-02-26T15:39:13.334-05:00","source":{"id":"0","name":"eventBus"}}
{"__type":"$$EventMessageNode","id":"d490226e-e4db-4764-94db-de0aee98234a","ts":"2025-02-26T15:39:13.334-05:00","eventName":"n8n.node.started","message":"n8n.node.started","payload":{"workflowId":"nTfaOvBue7hbPPCh","workflowName":"My workflow 2","executionId":"49","nodeType":"n8n-nodes-base.respondToWebhook","nodeName":"Respond to Webhook"}}
{"__type":"$$EventMessageConfirm","confirm":"d490226e-e4db-4764-94db-de0aee98234a","ts":"2025-02-26T15:39:13.334-05:00","source":{"id":"0","name":"eventBus"}}
{"__type":"$$EventMessageNode","id":"b6563bcc-7a48-44c4-a152-8cce1e76bb63","ts":"2025-02-26T15:39:13.335-05:00","eventName":"n8n.node.finished","message":"n8n.node.finished","payload":{"workflowId":"nTfaOvBue7hbPPCh","workflowName":"My workflow 2","executionId":"49","nodeType":"n8n-nodes-base.respondToWebhook","nodeName":"Respond to Webhook"}}
{"__type":"$$EventMessageConfirm","confirm":"b6563bcc-7a48-44c4-a152-8cce1e76bb63","ts":"2025-02-26T15:39:13.335-05:00","source":{"id":"0","name":"eventBus"}}
{"__type":"$$EventMessageWorkflow","id":"847d89c0-334b-454e-9468-774c155846b0","ts":"2025-02-26T15:39:13.336-05:00","eventName":"n8n.workflow.success","message":"n8n.workflow.success","payload":{"executionId":"49","success":true,"isManual":true,"workflowId":"nTfaOvBue7hbPPCh","workflowName":"My workflow 2"}}
{"__type":"$$EventMessageConfirm","confirm":"847d89c0-334b-454e-9468-774c155846b0","ts":"2025-02-26T15:39:13.336-05:00","source":{"id":"0","name":"eventBus"}}
{"__type":"$$EventMessageWorkflow","id":"bc22af4f-9b02-4528-82b1-f1770a00d973","ts":"2025-02-26T15:40:07.829-05:00","eventName":"n8n.workflow.started","message":"n8n.workflow.started","payload":{"executionId":"50","workflowId":"nTfaOvBue7hbPPCh","isManual":false,"workflowName":"My workflow 2"}}
{"__type":"$$EventMessageConfirm","confirm":"bc22af4f-9b02-4528-82b1-f1770a00d973","ts":"2025-02-26T15:40:07.830-05:00","source":{"id":"0","name":"eventBus"}}
{"__type":"$$EventMessageNode","id":"cfa3e3e5-3ed2-4d27-b22b-75e5d9700189","ts":"2025-02-26T15:40:07.831-05:00","eventName":"n8n.node.started","message":"n8n.node.started","payload":{"workflowId":"nTfaOvBue7hbPPCh","workflowName":"My workflow 2","executionId":"50","nodeType":"n8n-nodes-base.httpRequest","nodeName":"HTTP Request"}}
{"__type":"$$EventMessageConfirm","confirm":"cfa3e3e5-3ed2-4d27-b22b-75e5d9700189","ts":"2025-02-26T15:40:07.831-05:00","source":{"id":"0","name":"eventBus"}}
{"__type":"$$EventMessageNode","id":"050f870f-b742-4671-ab08-2ebad84c8980","ts":"2025-02-26T15:40:07.859-05:00","eventName":"n8n.node.finished","message":"n8n.node.finished","payload":{"workflowId":"nTfaOvBue7hbPPCh","workflowName":"My workflow 2","executionId":"50","nodeType":"n8n-nodes-base.httpRequest","nodeName":"HTTP Request"}}
{"__type":"$$EventMessageConfirm","confirm":"050f870f-b742-4671-ab08-2ebad84c8980","ts":"2025-02-26T15:40:07.860-05:00","source":{"id":"0","name":"eventBus"}}
{"__type":"$$EventMessageWorkflow","id":"77e2f8fa-eccd-40eb-9813-028ff36582a9","ts":"2025-02-26T15:40:07.862-05:00","eventName":"n8n.workflow.failed","message":"n8n.workflow.failed","payload":{"executionId":"50","success":false,"isManual":true,"workflowId":"nTfaOvBue7hbPPCh","workflowName":"My workflow 2","lastNodeExecuted":"HTTP Request","errorNodeType":"n8n-nodes-base.httpRequest","errorMessage":"JSON parameter needs to be valid JSON"}}
{"__type":"$$EventMessageConfirm","confirm":"77e2f8fa-eccd-40eb-9813-028ff36582a9","ts":"2025-02-26T15:40:07.862-05:00","source":{"id":"0","name":"eventBus"}}
{"__type":"$$EventMessageWorkflow","id":"cbdf20c8-9f33-4af4-be40-37fa4881d64b","ts":"2025-02-26T15:41:13.378-05:00","eventName":"n8n.workflow.started","message":"n8n.workflow.started","payload":{"executionId":"51","workflowId":"nTfaOvBue7hbPPCh","isManual":false,"workflowName":"My workflow 2"}}
{"__type":"$$EventMessageConfirm","confirm":"cbdf20c8-9f33-4af4-be40-37fa4881d64b","ts":"2025-02-26T15:41:13.378-05:00","source":{"id":"0","name":"eventBus"}}
{"__type":"$$EventMessageNode","id":"0c1facb9-d3dc-4318-a234-f92d643feeff","ts":"2025-02-26T15:41:13.379-05:00","eventName":"n8n.node.started","message":"n8n.node.started","payload":{"workflowId":"nTfaOvBue7hbPPCh","workflowName":"My workflow 2","executionId":"51","nodeType":"n8n-nodes-base.httpRequest","nodeName":"HTTP Request"}}
{"__type":"$$EventMessageConfirm","confirm":"0c1facb9-d3dc-4318-a234-f92d643feeff","ts":"2025-02-26T15:41:13.379-05:00","source":{"id":"0","name":"eventBus"}}
{"__type":"$$EventMessageNode","id":"fc580a11-1bf2-45cb-b217-7f0ff117d0d3","ts":"2025-02-26T15:41:13.399-05:00","eventName":"n8n.node.finished","message":"n8n.node.finished","payload":{"workflowId":"nTfaOvBue7hbPPCh","workflowName":"My workflow 2","executionId":"51","nodeType":"n8n-nodes-base.httpRequest","nodeName":"HTTP Request"}}
{"__type":"$$EventMessageConfirm","confirm":"fc580a11-1bf2-45cb-b217-7f0ff117d0d3","ts":"2025-02-26T15:41:13.399-05:00","source":{"id":"0","name":"eventBus"}}
{"__type":"$$EventMessageWorkflow","id":"c42c7176-6737-460e-b483-abbc950d6f0b","ts":"2025-02-26T15:41:13.400-05:00","eventName":"n8n.workflow.failed","message":"n8n.workflow.failed","payload":{"executionId":"51","success":false,"isManual":true,"workflowId":"nTfaOvBue7hbPPCh","workflowName":"My workflow 2","lastNodeExecuted":"HTTP Request","errorNodeType":"n8n-nodes-base.httpRequest","errorMessage":"JSON parameter needs to be valid JSON"}}
{"__type":"$$EventMessageConfirm","confirm":"c42c7176-6737-460e-b483-abbc950d6f0b","ts":"2025-02-26T15:41:13.400-05:00","source":{"id":"0","name":"eventBus"}}
{"__type":"$$EventMessageWorkflow","id":"365e84f3-4dc7-41d3-867c-c94a315c17a4","ts":"2025-02-26T15:41:36.018-05:00","eventName":"n8n.workflow.started","message":"n8n.workflow.started","payload":{"executionId":"52","workflowId":"nTfaOvBue7hbPPCh","isManual":false,"workflowName":"My workflow 2"}}
{"__type":"$$EventMessageConfirm","confirm":"365e84f3-4dc7-41d3-867c-c94a315c17a4","ts":"2025-02-26T15:41:36.018-05:00","source":{"id":"0","name":"eventBus"}}
{"__type":"$$EventMessageNode","id":"1d912528-ce34-476c-b01e-6ec7d11b82b6","ts":"2025-02-26T15:41:36.019-05:00","eventName":"n8n.node.started","message":"n8n.node.started","payload":{"workflowId":"nTfaOvBue7hbPPCh","workflowName":"My workflow 2","executionId":"52","nodeType":"n8n-nodes-base.httpRequest","nodeName":"HTTP Request"}}
{"__type":"$$EventMessageConfirm","confirm":"1d912528-ce34-476c-b01e-6ec7d11b82b6","ts":"2025-02-26T15:41:36.020-05:00","source":{"id":"0","name":"eventBus"}}
{"__type":"$$EventMessageNode","id":"3cdd4548-0459-4161-9083-a8ba1649b95f","ts":"2025-02-26T15:41:38.753-05:00","eventName":"n8n.node.finished","message":"n8n.node.finished","payload":{"workflowId":"nTfaOvBue7hbPPCh","workflowName":"My workflow 2","executionId":"52","nodeType":"n8n-nodes-base.httpRequest","nodeName":"HTTP Request"}}
{"__type":"$$EventMessageConfirm","confirm":"3cdd4548-0459-4161-9083-a8ba1649b95f","ts":"2025-02-26T15:41:38.753-05:00","source":{"id":"0","name":"eventBus"}}
{"__type":"$$EventMessageWorkflow","id":"6d55b947-abe8-4bec-b498-08e0353d7639","ts":"2025-02-26T15:41:38.755-05:00","eventName":"n8n.workflow.success","message":"n8n.workflow.success","payload":{"executionId":"52","success":true,"isManual":true,"workflowId":"nTfaOvBue7hbPPCh","workflowName":"My workflow 2"}}
{"__type":"$$EventMessageConfirm","confirm":"6d55b947-abe8-4bec-b498-08e0353d7639","ts":"2025-02-26T15:41:38.755-05:00","source":{"id":"0","name":"eventBus"}}
